#
# A fatal error has been detected by the Java Runtime Environment:
#
#  SIGSEGV (0xb) at pc=0x0000000000000000, pid=18223, tid=8707
#
# JRE version: OpenJDK Runtime Environment AdoptOpenJDK (14.0.2+12) (build 14.0.2+12)
# Java VM: OpenJDK 64-Bit Server VM AdoptOpenJDK (14.0.2+12, mixed mode, sharing, tiered, compressed oops, g1 gc, bsd-amd64)
# Problematic frame:
# C  0x0000000000000000
#
# No core dump will be written. Core dumps have been disabled. To enable core dumping, try "ulimit -c unlimited" before starting Java again
#
# If you would like to submit a bug report, please visit:
#   https://github.com/AdoptOpenJDK/openjdk-support/issues
#

---------------  S U M M A R Y ------------

Command Line: -javaagent:/Applications/IntelliJ IDEA.app/Contents/lib/idea_rt.jar=58962:/Applications/IntelliJ IDEA.app/Contents/bin -agentpath:/private/var/folders/59/n1ppxd4n56xcwx_36rn5b18w0000gn/T/libasyncProfiler.so=start,jfr,event=cpu,interval=1ms,event=alloc,file=/Users/yong/JpaMain__2__2022_04_06_175414.jfr -Dfile.encoding=UTF-8 jpabook.jpashop.jpql.JpaMain

Host: MacBookPro18,1 x86_64 2400 MHz, 10 cores, 32G, Darwin 21.4.0
Time: Wed Apr  6 17:54:17 2022 KST elapsed time: 2 seconds (0d 0h 0m 2s)

---------------  T H R E A D  ---------------

Current thread (0x00007fcc4200d000):  JavaThread "main" [_thread_in_vm, id=8707, stack(0x0000000309388000,0x0000000309488000)]

Stack: [0x0000000309388000,0x0000000309488000],  sp=0x0000000309486ea8,  free space=1019k
Java frames: (J=compiled Java code, j=interpreted, Vv=VM code)
j  org.hibernate.boot.archive.scan.spi.AbstractScannerImpl.buildArchiveDescriptor(Ljava/net/URL;Lorg/hibernate/boot/archive/scan/spi/ScanEnvironment;Z)Lorg/hibernate/boot/archive/spi/ArchiveDescriptor;+71
j  org.hibernate.boot.archive.scan.spi.AbstractScannerImpl.scan(Lorg/hibernate/boot/archive/scan/spi/ScanEnvironment;Lorg/hibernate/boot/archive/scan/spi/ScanOptions;Lorg/hibernate/boot/archive/scan/spi/ScanParameters;)Lorg/hibernate/boot/archive/scan/spi/ScanResult;+120
j  org.hibernate.boot.model.process.internal.ScanningCoordinator.coordinateScan(Lorg/hibernate/boot/model/process/internal/ManagedResourcesImpl;Lorg/hibernate/boot/spi/BootstrapContext;Lorg/hibernate/boot/spi/XmlMappingBinderAccess;)V+70
j  org.hibernate.boot.model.process.spi.MetadataBuildingProcess.prepare(Lorg/hibernate/boot/MetadataSources;Lorg/hibernate/boot/spi/BootstrapContext;)Lorg/hibernate/boot/model/process/spi/ManagedResources;+64
j  org.hibernate.jpa.boot.internal.EntityManagerFactoryBuilderImpl.<init>(Lorg/hibernate/jpa/boot/spi/PersistenceUnitDescriptor;Ljava/util/Map;Ljava/lang/ClassLoader;Lorg/hibernate/boot/registry/classloading/spi/ClassLoaderService;)V+326
j  org.hibernate.jpa.boot.internal.EntityManagerFactoryBuilderImpl.<init>(Lorg/hibernate/jpa/boot/spi/PersistenceUnitDescriptor;Ljava/util/Map;Ljava/lang/ClassLoader;)V+5
j  org.hibernate.jpa.boot.spi.Bootstrap.getEntityManagerFactoryBuilder(Lorg/hibernate/jpa/boot/spi/PersistenceUnitDescriptor;Ljava/util/Map;Ljava/lang/ClassLoader;)Lorg/hibernate/jpa/boot/spi/EntityManagerFactoryBuilder;+7
j  org.hibernate.jpa.HibernatePersistenceProvider.getEntityManagerFactoryBuilder(Lorg/hibernate/jpa/boot/spi/PersistenceUnitDescriptor;Ljava/util/Map;Ljava/lang/ClassLoader;)Lorg/hibernate/jpa/boot/spi/EntityManagerFactoryBuilder;+3
j  org.hibernate.jpa.HibernatePersistenceProvider.getEntityManagerFactoryBuilderOrNull(Ljava/lang/String;Ljava/util/Map;Ljava/lang/ClassLoader;Lorg/hibernate/boot/registry/classloading/spi/ClassLoaderService;)Lorg/hibernate/jpa/boot/spi/EntityManagerFactoryBuilder;+220
j  org.hibernate.jpa.HibernatePersistenceProvider.getEntityManagerFactoryBuilderOrNull(Ljava/lang/String;Ljava/util/Map;)Lorg/hibernate/jpa/boot/spi/EntityManagerFactoryBuilder;+5
j  org.hibernate.jpa.HibernatePersistenceProvider.createEntityManagerFactory(Ljava/lang/String;Ljava/util/Map;)Ljavax/persistence/EntityManagerFactory;+12
j  javax.persistence.Persistence.createEntityManagerFactory(Ljava/lang/String;Ljava/util/Map;)Ljavax/persistence/EntityManagerFactory;+49
j  javax.persistence.Persistence.createEntityManagerFactory(Ljava/lang/String;)Ljavax/persistence/EntityManagerFactory;+2
j  jpabook.jpashop.jpql.JpaMain.main([Ljava/lang/String;)V+2
v  ~StubRoutines::call_stub

siginfo: si_signo: 11 (SIGSEGV), si_code: 1 (SEGV_MAPERR), si_addr: 0x0000000000000000

Register to memory mapping:

RAX=0x0 is NULL
RBX=0x0000000309486ec8 is pointing into the stack for thread: 0x00007fcc4200d000
RCX=0x00007fcc4200d000 is a thread
RDX=0x0000000000000060 is an unknown value
RSP=0x0000000309486ea8 is pointing into the stack for thread: 0x00007fcc4200d000
RBP=0x000000010c16c66e: _ZN12MemAllocator10Allocation17notify_allocationEv+0x16 in /Library/Java/JavaVirtualMachines/adoptopenjdk-14.jdk/Contents/Home/lib/server/libjvm.dylib at 0x000000010bbd6000
RSI=0x000000061ed00800 is an oop: [B 
{0x000000061ed00800} - klass: {type array byte}
 - length: 77
RDI=0x0000000309486e78 is pointing into the stack for thread: 0x00007fcc4200d000
R8 =0x00007fcc4200d000 is a thread
R9 =0x0000000800391d98 is a pointer to class: 
R10=0x000000000000006f is an unknown value
R11=0x000000000000004d is an unknown value
R12=0x0000000000000001 is an unknown value
R13=0x000000061ed00588 is an oop: java.lang.String 
{0x000000061ed00588} - klass: 'java/lang/String'
R14=0x0000000309486f28 is pointing into the stack for thread: 0x00007fcc4200d000
R15=0x0000000800391d98 is a pointer to class: 


Registers:
RAX=0x0000000000000000, RBX=0x0000000309486ec8, RCX=0x00007fcc4200d000, RDX=0x0000000000000060
RSP=0x0000000309486ea8, RBP=0x000000010c16c66e, RSI=0x000000061ed00800, RDI=0x0000000309486e78
R8 =0x00007fcc4200d000, R9 =0x0000000800391d98, R10=0x000000000000006f, R11=0x000000000000004d
R12=0x0000000000000001, R13=0x000000061ed00588, R14=0x0000000309486f28, R15=0x0000000800391d98
RIP=0x0000000000000000, EFLAGS=0x0000000000000212, ERR=0x0000000000000004
  TRAPNO=0x000000000000000e

Top of Stack: (sp=0x0000000309486ea8)
0x0000000309486ea8:   000000061ed00800 0000000309486f10
0x0000000309486eb8:   000000010c16ca70 0000000309486ee0
0x0000000309486ec8:   0000000309486f28 00007fcc4200d000
0x0000000309486ed8:   0000000309486ef8 0000000309480000
0x0000000309486ee8:   000000000001ff00 0000000000000000
0x0000000309486ef8:   000000061ed00800 00007fcc4200d000
0x0000000309486f08:   000000000000004d 0000000309486f50
0x0000000309486f18:   000000010bdc58bf 00006000020948c0
0x0000000309486f28:   000000010c5320c0 00007fcc4200d000
0x0000000309486f38:   0000000800391d98 000000000000000c
0x0000000309486f48:   000000010000004d 0000000309486f80
0x0000000309486f58:   000000010c341128 00007fcc4200d000
0x0000000309486f68:   000000000000004d 0000000000000000
0x0000000309486f78:   0000600000a98028 0000000309486fc0
0x0000000309486f88:   000000010bf2a930 000000010c54de01
0x0000000309486f98:   00007fcc4200d000 0000600001f00a86
0x0000000309486fa8:   00007fcc4200d000 0000600001f00a80
0x0000000309486fb8:   000000000000004d 0000000309487000
0x0000000309486fc8:   000000010bf2ac2a 0000000309486fe0
0x0000000309486fd8:   010000010c1cda2b 00007fcc41f04de4
0x0000000309486fe8:   0000000000000000 0000600001f00a80
0x0000000309486ff8:   0000600000a98020 00000003094870d0
0x0000000309487008:   000000010c2f07b8 0000000000000000
0x0000000309487018:   0000000000000000 0000000000000000
0x0000000309487028:   00000000855df4fc 0000000000000001
0x0000000309487038:   0000600002095480 00006000020954c0
0x0000000309487048:   0000600002095500 00007fcc41f04de4
0x0000000309487058:   00007fcc41f04e00 ffffffff00000000
0x0000000309487068:   0000600001f00a80 0000000000000084
0x0000000309487078:   0000600000480320 0000600003b95080
0x0000000309487088:   00007fcc41f045f0 00007fcc41f04600
0x0000000309487098:   00007fcc41f049d8 00000000000003d8 

Instructions: (pc=0x0000000000000000)
0xffffffffffffff00:   


Stack slot to memory mapping:
stack at sp + 0 slots: 0x000000061ed00800 is an oop: [B 
{0x000000061ed00800} - klass: {type array byte}
 - length: 77
stack at sp + 1 slots: 0x0000000309486f10 is pointing into the stack for thread: 0x00007fcc4200d000
stack at sp + 2 slots: 0x000000010c16ca70: _ZNK12MemAllocator8allocateEv+0x76 in /Library/Java/JavaVirtualMachines/adoptopenjdk-14.jdk/Contents/Home/lib/server/libjvm.dylib at 0x000000010bbd6000
stack at sp + 3 slots: 0x0000000309486ee0 is pointing into the stack for thread: 0x00007fcc4200d000
stack at sp + 4 slots: 0x0000000309486f28 is pointing into the stack for thread: 0x00007fcc4200d000
stack at sp + 5 slots: 0x00007fcc4200d000 is a thread
stack at sp + 6 slots: 0x0000000309486ef8 is pointing into the stack for thread: 0x00007fcc4200d000
stack at sp + 7 slots: 0x0000000309480000 is pointing into the stack for thread: 0x00007fcc4200d000


---------------  P R O C E S S  ---------------

Threads class SMR info:
_java_thread_list=0x000060000358aea0, length=13, elements={
0x00007fcc4200d000, 0x00007fcc45809000, 0x00007fcc4580a000, 0x00007fcc45811800,
0x00007fcc1200a800, 0x00007fcc1200b800, 0x00007fcc43871800, 0x00007fcc43872800,
0x00007fcc4213a000, 0x00007fcc448be800, 0x00007fcc45815000, 0x00007fcc4219b000,
0x00007fcc421a2800
}

Java Threads: ( => current thread )
=>0x00007fcc4200d000 JavaThread "main" [_thread_in_vm, id=8707, stack(0x0000000309388000,0x0000000309488000)]
  0x00007fcc45809000 JavaThread "Reference Handler" daemon [_thread_blocked, id=17155, stack(0x0000000309a9d000,0x0000000309b9d000)]
  0x00007fcc4580a000 JavaThread "Finalizer" daemon [_thread_blocked, id=16387, stack(0x0000000309ba0000,0x0000000309ca0000)]
  0x00007fcc45811800 JavaThread "Signal Dispatcher" daemon [_thread_blocked, id=23555, stack(0x0000000309db3000,0x0000000309eb3000)]
  0x00007fcc1200a800 JavaThread "Service Thread" daemon [_thread_blocked, id=24067, stack(0x0000000309eb6000,0x0000000309fb6000)]
  0x00007fcc1200b800 JavaThread "C2 CompilerThread0" daemon [_thread_in_native, id=40451, stack(0x0000000309fb9000,0x000000030a0b9000)]
  0x00007fcc43871800 JavaThread "C1 CompilerThread0" daemon [_thread_blocked, id=24579, stack(0x000000030a0bc000,0x000000030a1bc000)]
  0x00007fcc43872800 JavaThread "Sweeper thread" daemon [_thread_blocked, id=39171, stack(0x000000030a1bf000,0x000000030a2bf000)]
  0x00007fcc4213a000 JavaThread "Common-Cleaner" daemon [_thread_blocked, id=38147, stack(0x000000030a2c2000,0x000000030a3c2000)]
  0x00007fcc448be800 JavaThread "Monitor Ctrl-Break" daemon [_thread_in_native, id=36867, stack(0x000000030a3c5000,0x000000030a4c5000)]
  0x00007fcc45815000 JavaThread "Async-profiler Timer" daemon [_thread_in_native, id=26487, stack(0x000000030a4c8000,0x000000030a548000)]
  0x00007fcc4219b000 JavaThread "Notification Thread" daemon [_thread_blocked, id=35331, stack(0x000000030a5ce000,0x000000030a6ce000)]
  0x00007fcc421a2800 JavaThread "Attach Listener" daemon [_thread_blocked, id=28419, stack(0x000000030a7d4000,0x000000030a8d4000)]

Other Threads:
  0x00007fcc4482d800 VMThread "VM Thread" [stack: 0x000000030999a000,0x0000000309a9a000] [id=15875]
  0x00007fcc45814000 WatcherThread [stack: 0x000000030a6d1000,0x000000030a7d1000] [id=34831]
  0x00007fcc4282e000 GCTaskThread "GC Thread#0" [stack: 0x000000030948b000,0x000000030958b000] [id=19203]
  0x00007fcc44aa3000 GCTaskThread "GC Thread#1" [stack: 0x000000030a8d7000,0x000000030a9d7000] [id=33319]
  0x00007fcc44aa4000 GCTaskThread "GC Thread#2" [stack: 0x000000030a9da000,0x000000030aada000] [id=33027]
  0x00007fcc44aa4800 GCTaskThread "GC Thread#3" [stack: 0x000000030aadd000,0x000000030abdd000] [id=29699]
  0x00007fcc4592d000 GCTaskThread "GC Thread#4" [stack: 0x000000030abe0000,0x000000030ace0000] [id=32771]
  0x00007fcc4287d800 GCTaskThread "GC Thread#5" [stack: 0x000000030ace3000,0x000000030ade3000] [id=32259]
  0x00007fcc44aa5800 GCTaskThread "GC Thread#6" [stack: 0x000000030ade6000,0x000000030aee6000] [id=32003]
  0x00007fcc44aa6000 GCTaskThread "GC Thread#7" [stack: 0x000000030aee9000,0x000000030afe9000] [id=30723]
  0x00007fcc44aa7000 GCTaskThread "GC Thread#8" [stack: 0x000000030afec000,0x000000030b0ec000] [id=31491]
  0x00007fcc4283f000 ConcurrentGCThread "G1 Main Marker" [stack: 0x000000030958e000,0x000000030968e000] [id=18947]
  0x00007fcc4283f800 ConcurrentGCThread "G1 Conc#0" [stack: 0x0000000309691000,0x0000000309791000] [id=18435]
  0x00007fcc42009000 ConcurrentGCThread "G1 Refine#0" [stack: 0x0000000309794000,0x0000000309894000] [id=18179]
  0x00007fcc43809800 ConcurrentGCThread "G1 Young RemSet Sampling" [stack: 0x0000000309897000,0x0000000309997000] [id=17923]

Threads with active compile tasks:
C2 CompilerThread0     2242 1278       4       java.util.HashMap::put (13 bytes)

VM state:not at safepoint (normal execution)

VM Mutex/Monitor currently owned by a thread: None

Heap address: 0x0000000600000000, size: 8192 MB, Compressed Oops mode: Zero based, Oop shift amount: 3
Narrow klass base: 0x0000000800000000, Narrow klass shift: 3
Compressed class space size: 1073741824 Address: 0x0000000800b1a000

Heap:
 garbage-first heap   total 528384K, used 24989K [0x0000000600000000, 0x0000000800000000)
  region size 2048K, 13 young (26624K), 3 survivors (6144K)
 Metaspace       used 13190K, capacity 13577K, committed 13952K, reserved 1060864K
  class space    used 1734K, capacity 1871K, committed 1920K, reserved 1048576K
Heap Regions: E=young(eden), S=young(survivor), O=old, HS=humongous(starts), HC=humongous(continues), CS=collection set, F=free, OA=open archive, CA=closed archive, TAMS=top-at-mark-start (previous, next)
|   0|0x0000000600000000, 0x0000000600000000, 0x0000000600200000|  0%| F|  |TAMS 0x0000000600000000, 0x0000000600000000| Untracked 
|   1|0x0000000600200000, 0x0000000600200000, 0x0000000600400000|  0%| F|  |TAMS 0x0000000600200000, 0x0000000600200000| Untracked 
|   2|0x0000000600400000, 0x0000000600400000, 0x0000000600600000|  0%| F|  |TAMS 0x0000000600400000, 0x0000000600400000| Untracked 
|   3|0x0000000600600000, 0x0000000600600000, 0x0000000600800000|  0%| F|  |TAMS 0x0000000600600000, 0x0000000600600000| Untracked 
|   4|0x0000000600800000, 0x0000000600800000, 0x0000000600a00000|  0%| F|  |TAMS 0x0000000600800000, 0x0000000600800000| Untracked 
|   5|0x0000000600a00000, 0x0000000600a00000, 0x0000000600c00000|  0%| F|  |TAMS 0x0000000600a00000, 0x0000000600a00000| Untracked 
|   6|0x0000000600c00000, 0x0000000600c00000, 0x0000000600e00000|  0%| F|  |TAMS 0x0000000600c00000, 0x0000000600c00000| Untracked 
|   7|0x0000000600e00000, 0x0000000600e00000, 0x0000000601000000|  0%| F|  |TAMS 0x0000000600e00000, 0x0000000600e00000| Untracked 
|   8|0x0000000601000000, 0x0000000601000000, 0x0000000601200000|  0%| F|  |TAMS 0x0000000601000000, 0x0000000601000000| Untracked 
|   9|0x0000000601200000, 0x0000000601200000, 0x0000000601400000|  0%| F|  |TAMS 0x0000000601200000, 0x0000000601200000| Untracked 
|  10|0x0000000601400000, 0x0000000601400000, 0x0000000601600000|  0%| F|  |TAMS 0x0000000601400000, 0x0000000601400000| Untracked 
|  11|0x0000000601600000, 0x0000000601600000, 0x0000000601800000|  0%| F|  |TAMS 0x0000000601600000, 0x0000000601600000| Untracked 
|  12|0x0000000601800000, 0x0000000601800000, 0x0000000601a00000|  0%| F|  |TAMS 0x0000000601800000, 0x0000000601800000| Untracked 
|  13|0x0000000601a00000, 0x0000000601a00000, 0x0000000601c00000|  0%| F|  |TAMS 0x0000000601a00000, 0x0000000601a00000| Untracked 
|  14|0x0000000601c00000, 0x0000000601c00000, 0x0000000601e00000|  0%| F|  |TAMS 0x0000000601c00000, 0x0000000601c00000| Untracked 
|  15|0x0000000601e00000, 0x0000000601e00000, 0x0000000602000000|  0%| F|  |TAMS 0x0000000601e00000, 0x0000000601e00000| Untracked 
|  16|0x0000000602000000, 0x0000000602000000, 0x0000000602200000|  0%| F|  |TAMS 0x0000000602000000, 0x0000000602000000| Untracked 
|  17|0x0000000602200000, 0x0000000602200000, 0x0000000602400000|  0%| F|  |TAMS 0x0000000602200000, 0x0000000602200000| Untracked 
|  18|0x0000000602400000, 0x0000000602400000, 0x0000000602600000|  0%| F|  |TAMS 0x0000000602400000, 0x0000000602400000| Untracked 
|  19|0x0000000602600000, 0x0000000602600000, 0x0000000602800000|  0%| F|  |TAMS 0x0000000602600000, 0x0000000602600000| Untracked 
|  20|0x0000000602800000, 0x0000000602800000, 0x0000000602a00000|  0%| F|  |TAMS 0x0000000602800000, 0x0000000602800000| Untracked 
|  21|0x0000000602a00000, 0x0000000602a00000, 0x0000000602c00000|  0%| F|  |TAMS 0x0000000602a00000, 0x0000000602a00000| Untracked 
|  22|0x0000000602c00000, 0x0000000602c00000, 0x0000000602e00000|  0%| F|  |TAMS 0x0000000602c00000, 0x0000000602c00000| Untracked 
|  23|0x0000000602e00000, 0x0000000602e00000, 0x0000000603000000|  0%| F|  |TAMS 0x0000000602e00000, 0x0000000602e00000| Untracked 
|  24|0x0000000603000000, 0x0000000603000000, 0x0000000603200000|  0%| F|  |TAMS 0x0000000603000000, 0x0000000603000000| Untracked 
|  25|0x0000000603200000, 0x0000000603200000, 0x0000000603400000|  0%| F|  |TAMS 0x0000000603200000, 0x0000000603200000| Untracked 
|  26|0x0000000603400000, 0x0000000603400000, 0x0000000603600000|  0%| F|  |TAMS 0x0000000603400000, 0x0000000603400000| Untracked 
|  27|0x0000000603600000, 0x0000000603600000, 0x0000000603800000|  0%| F|  |TAMS 0x0000000603600000, 0x0000000603600000| Untracked 
|  28|0x0000000603800000, 0x0000000603800000, 0x0000000603a00000|  0%| F|  |TAMS 0x0000000603800000, 0x0000000603800000| Untracked 
|  29|0x0000000603a00000, 0x0000000603a00000, 0x0000000603c00000|  0%| F|  |TAMS 0x0000000603a00000, 0x0000000603a00000| Untracked 
|  30|0x0000000603c00000, 0x0000000603c00000, 0x0000000603e00000|  0%| F|  |TAMS 0x0000000603c00000, 0x0000000603c00000| Untracked 
|  31|0x0000000603e00000, 0x0000000603e00000, 0x0000000604000000|  0%| F|  |TAMS 0x0000000603e00000, 0x0000000603e00000| Untracked 
|  32|0x0000000604000000, 0x0000000604000000, 0x0000000604200000|  0%| F|  |TAMS 0x0000000604000000, 0x0000000604000000| Untracked 
|  33|0x0000000604200000, 0x0000000604200000, 0x0000000604400000|  0%| F|  |TAMS 0x0000000604200000, 0x0000000604200000| Untracked 
|  34|0x0000000604400000, 0x0000000604400000, 0x0000000604600000|  0%| F|  |TAMS 0x0000000604400000, 0x0000000604400000| Untracked 
|  35|0x0000000604600000, 0x0000000604600000, 0x0000000604800000|  0%| F|  |TAMS 0x0000000604600000, 0x0000000604600000| Untracked 
|  36|0x0000000604800000, 0x0000000604800000, 0x0000000604a00000|  0%| F|  |TAMS 0x0000000604800000, 0x0000000604800000| Untracked 
|  37|0x0000000604a00000, 0x0000000604a00000, 0x0000000604c00000|  0%| F|  |TAMS 0x0000000604a00000, 0x0000000604a00000| Untracked 
|  38|0x0000000604c00000, 0x0000000604c00000, 0x0000000604e00000|  0%| F|  |TAMS 0x0000000604c00000, 0x0000000604c00000| Untracked 
|  39|0x0000000604e00000, 0x0000000604e00000, 0x0000000605000000|  0%| F|  |TAMS 0x0000000604e00000, 0x0000000604e00000| Untracked 
|  40|0x0000000605000000, 0x0000000605000000, 0x0000000605200000|  0%| F|  |TAMS 0x0000000605000000, 0x0000000605000000| Untracked 
|  41|0x0000000605200000, 0x0000000605200000, 0x0000000605400000|  0%| F|  |TAMS 0x0000000605200000, 0x0000000605200000| Untracked 
|  42|0x0000000605400000, 0x0000000605400000, 0x0000000605600000|  0%| F|  |TAMS 0x0000000605400000, 0x0000000605400000| Untracked 
|  43|0x0000000605600000, 0x0000000605600000, 0x0000000605800000|  0%| F|  |TAMS 0x0000000605600000, 0x0000000605600000| Untracked 
|  44|0x0000000605800000, 0x0000000605800000, 0x0000000605a00000|  0%| F|  |TAMS 0x0000000605800000, 0x0000000605800000| Untracked 
|  45|0x0000000605a00000, 0x0000000605a00000, 0x0000000605c00000|  0%| F|  |TAMS 0x0000000605a00000, 0x0000000605a00000| Untracked 
|  46|0x0000000605c00000, 0x0000000605c00000, 0x0000000605e00000|  0%| F|  |TAMS 0x0000000605c00000, 0x0000000605c00000| Untracked 
|  47|0x0000000605e00000, 0x0000000605e00000, 0x0000000606000000|  0%| F|  |TAMS 0x0000000605e00000, 0x0000000605e00000| Untracked 
|  48|0x0000000606000000, 0x0000000606000000, 0x0000000606200000|  0%| F|  |TAMS 0x0000000606000000, 0x0000000606000000| Untracked 
|  49|0x0000000606200000, 0x0000000606200000, 0x0000000606400000|  0%| F|  |TAMS 0x0000000606200000, 0x0000000606200000| Untracked 
|  50|0x0000000606400000, 0x0000000606400000, 0x0000000606600000|  0%| F|  |TAMS 0x0000000606400000, 0x0000000606400000| Untracked 
|  51|0x0000000606600000, 0x0000000606600000, 0x0000000606800000|  0%| F|  |TAMS 0x0000000606600000, 0x0000000606600000| Untracked 
|  52|0x0000000606800000, 0x0000000606800000, 0x0000000606a00000|  0%| F|  |TAMS 0x0000000606800000, 0x0000000606800000| Untracked 
|  53|0x0000000606a00000, 0x0000000606a00000, 0x0000000606c00000|  0%| F|  |TAMS 0x0000000606a00000, 0x0000000606a00000| Untracked 
|  54|0x0000000606c00000, 0x0000000606c00000, 0x0000000606e00000|  0%| F|  |TAMS 0x0000000606c00000, 0x0000000606c00000| Untracked 
|  55|0x0000000606e00000, 0x0000000606e00000, 0x0000000607000000|  0%| F|  |TAMS 0x0000000606e00000, 0x0000000606e00000| Untracked 
|  56|0x0000000607000000, 0x0000000607000000, 0x0000000607200000|  0%| F|  |TAMS 0x0000000607000000, 0x0000000607000000| Untracked 
|  57|0x0000000607200000, 0x0000000607200000, 0x0000000607400000|  0%| F|  |TAMS 0x0000000607200000, 0x0000000607200000| Untracked 
|  58|0x0000000607400000, 0x0000000607400000, 0x0000000607600000|  0%| F|  |TAMS 0x0000000607400000, 0x0000000607400000| Untracked 
|  59|0x0000000607600000, 0x0000000607600000, 0x0000000607800000|  0%| F|  |TAMS 0x0000000607600000, 0x0000000607600000| Untracked 
|  60|0x0000000607800000, 0x0000000607800000, 0x0000000607a00000|  0%| F|  |TAMS 0x0000000607800000, 0x0000000607800000| Untracked 
|  61|0x0000000607a00000, 0x0000000607a00000, 0x0000000607c00000|  0%| F|  |TAMS 0x0000000607a00000, 0x0000000607a00000| Untracked 
|  62|0x0000000607c00000, 0x0000000607c00000, 0x0000000607e00000|  0%| F|  |TAMS 0x0000000607c00000, 0x0000000607c00000| Untracked 
|  63|0x0000000607e00000, 0x0000000607e00000, 0x0000000608000000|  0%| F|  |TAMS 0x0000000607e00000, 0x0000000607e00000| Untracked 
|  64|0x0000000608000000, 0x0000000608000000, 0x0000000608200000|  0%| F|  |TAMS 0x0000000608000000, 0x0000000608000000| Untracked 
|  65|0x0000000608200000, 0x0000000608200000, 0x0000000608400000|  0%| F|  |TAMS 0x0000000608200000, 0x0000000608200000| Untracked 
|  66|0x0000000608400000, 0x0000000608400000, 0x0000000608600000|  0%| F|  |TAMS 0x0000000608400000, 0x0000000608400000| Untracked 
|  67|0x0000000608600000, 0x0000000608600000, 0x0000000608800000|  0%| F|  |TAMS 0x0000000608600000, 0x0000000608600000| Untracked 
|  68|0x0000000608800000, 0x0000000608800000, 0x0000000608a00000|  0%| F|  |TAMS 0x0000000608800000, 0x0000000608800000| Untracked 
|  69|0x0000000608a00000, 0x0000000608a00000, 0x0000000608c00000|  0%| F|  |TAMS 0x0000000608a00000, 0x0000000608a00000| Untracked 
|  70|0x0000000608c00000, 0x0000000608c00000, 0x0000000608e00000|  0%| F|  |TAMS 0x0000000608c00000, 0x0000000608c00000| Untracked 
|  71|0x0000000608e00000, 0x0000000608e00000, 0x0000000609000000|  0%| F|  |TAMS 0x0000000608e00000, 0x0000000608e00000| Untracked 
|  72|0x0000000609000000, 0x0000000609000000, 0x0000000609200000|  0%| F|  |TAMS 0x0000000609000000, 0x0000000609000000| Untracked 
|  73|0x0000000609200000, 0x0000000609200000, 0x0000000609400000|  0%| F|  |TAMS 0x0000000609200000, 0x0000000609200000| Untracked 
|  74|0x0000000609400000, 0x0000000609400000, 0x0000000609600000|  0%| F|  |TAMS 0x0000000609400000, 0x0000000609400000| Untracked 
|  75|0x0000000609600000, 0x0000000609600000, 0x0000000609800000|  0%| F|  |TAMS 0x0000000609600000, 0x0000000609600000| Untracked 
|  76|0x0000000609800000, 0x0000000609800000, 0x0000000609a00000|  0%| F|  |TAMS 0x0000000609800000, 0x0000000609800000| Untracked 
|  77|0x0000000609a00000, 0x0000000609a00000, 0x0000000609c00000|  0%| F|  |TAMS 0x0000000609a00000, 0x0000000609a00000| Untracked 
|  78|0x0000000609c00000, 0x0000000609c00000, 0x0000000609e00000|  0%| F|  |TAMS 0x0000000609c00000, 0x0000000609c00000| Untracked 
|  79|0x0000000609e00000, 0x0000000609e00000, 0x000000060a000000|  0%| F|  |TAMS 0x0000000609e00000, 0x0000000609e00000| Untracked 
|  80|0x000000060a000000, 0x000000060a000000, 0x000000060a200000|  0%| F|  |TAMS 0x000000060a000000, 0x000000060a000000| Untracked 
|  81|0x000000060a200000, 0x000000060a200000, 0x000000060a400000|  0%| F|  |TAMS 0x000000060a200000, 0x000000060a200000| Untracked 
|  82|0x000000060a400000, 0x000000060a400000, 0x000000060a600000|  0%| F|  |TAMS 0x000000060a400000, 0x000000060a400000| Untracked 
|  83|0x000000060a600000, 0x000000060a600000, 0x000000060a800000|  0%| F|  |TAMS 0x000000060a600000, 0x000000060a600000| Untracked 
|  84|0x000000060a800000, 0x000000060a800000, 0x000000060aa00000|  0%| F|  |TAMS 0x000000060a800000, 0x000000060a800000| Untracked 
|  85|0x000000060aa00000, 0x000000060aa00000, 0x000000060ac00000|  0%| F|  |TAMS 0x000000060aa00000, 0x000000060aa00000| Untracked 
|  86|0x000000060ac00000, 0x000000060ac00000, 0x000000060ae00000|  0%| F|  |TAMS 0x000000060ac00000, 0x000000060ac00000| Untracked 
|  87|0x000000060ae00000, 0x000000060ae00000, 0x000000060b000000|  0%| F|  |TAMS 0x000000060ae00000, 0x000000060ae00000| Untracked 
|  88|0x000000060b000000, 0x000000060b000000, 0x000000060b200000|  0%| F|  |TAMS 0x000000060b000000, 0x000000060b000000| Untracked 
|  89|0x000000060b200000, 0x000000060b200000, 0x000000060b400000|  0%| F|  |TAMS 0x000000060b200000, 0x000000060b200000| Untracked 
|  90|0x000000060b400000, 0x000000060b400000, 0x000000060b600000|  0%| F|  |TAMS 0x000000060b400000, 0x000000060b400000| Untracked 
|  91|0x000000060b600000, 0x000000060b600000, 0x000000060b800000|  0%| F|  |TAMS 0x000000060b600000, 0x000000060b600000| Untracked 
|  92|0x000000060b800000, 0x000000060b800000, 0x000000060ba00000|  0%| F|  |TAMS 0x000000060b800000, 0x000000060b800000| Untracked 
|  93|0x000000060ba00000, 0x000000060ba00000, 0x000000060bc00000|  0%| F|  |TAMS 0x000000060ba00000, 0x000000060ba00000| Untracked 
|  94|0x000000060bc00000, 0x000000060bc00000, 0x000000060be00000|  0%| F|  |TAMS 0x000000060bc00000, 0x000000060bc00000| Untracked 
|  95|0x000000060be00000, 0x000000060be00000, 0x000000060c000000|  0%| F|  |TAMS 0x000000060be00000, 0x000000060be00000| Untracked 
|  96|0x000000060c000000, 0x000000060c000000, 0x000000060c200000|  0%| F|  |TAMS 0x000000060c000000, 0x000000060c000000| Untracked 
|  97|0x000000060c200000, 0x000000060c200000, 0x000000060c400000|  0%| F|  |TAMS 0x000000060c200000, 0x000000060c200000| Untracked 
|  98|0x000000060c400000, 0x000000060c400000, 0x000000060c600000|  0%| F|  |TAMS 0x000000060c400000, 0x000000060c400000| Untracked 
|  99|0x000000060c600000, 0x000000060c600000, 0x000000060c800000|  0%| F|  |TAMS 0x000000060c600000, 0x000000060c600000| Untracked 
| 100|0x000000060c800000, 0x000000060c800000, 0x000000060ca00000|  0%| F|  |TAMS 0x000000060c800000, 0x000000060c800000| Untracked 
| 101|0x000000060ca00000, 0x000000060ca00000, 0x000000060cc00000|  0%| F|  |TAMS 0x000000060ca00000, 0x000000060ca00000| Untracked 
| 102|0x000000060cc00000, 0x000000060cc00000, 0x000000060ce00000|  0%| F|  |TAMS 0x000000060cc00000, 0x000000060cc00000| Untracked 
| 103|0x000000060ce00000, 0x000000060ce00000, 0x000000060d000000|  0%| F|  |TAMS 0x000000060ce00000, 0x000000060ce00000| Untracked 
| 104|0x000000060d000000, 0x000000060d000000, 0x000000060d200000|  0%| F|  |TAMS 0x000000060d000000, 0x000000060d000000| Untracked 
| 105|0x000000060d200000, 0x000000060d200000, 0x000000060d400000|  0%| F|  |TAMS 0x000000060d200000, 0x000000060d200000| Untracked 
| 106|0x000000060d400000, 0x000000060d400000, 0x000000060d600000|  0%| F|  |TAMS 0x000000060d400000, 0x000000060d400000| Untracked 
| 107|0x000000060d600000, 0x000000060d600000, 0x000000060d800000|  0%| F|  |TAMS 0x000000060d600000, 0x000000060d600000| Untracked 
| 108|0x000000060d800000, 0x000000060d800000, 0x000000060da00000|  0%| F|  |TAMS 0x000000060d800000, 0x000000060d800000| Untracked 
| 109|0x000000060da00000, 0x000000060da00000, 0x000000060dc00000|  0%| F|  |TAMS 0x000000060da00000, 0x000000060da00000| Untracked 
| 110|0x000000060dc00000, 0x000000060dc00000, 0x000000060de00000|  0%| F|  |TAMS 0x000000060dc00000, 0x000000060dc00000| Untracked 
| 111|0x000000060de00000, 0x000000060de00000, 0x000000060e000000|  0%| F|  |TAMS 0x000000060de00000, 0x000000060de00000| Untracked 
| 112|0x000000060e000000, 0x000000060e000000, 0x000000060e200000|  0%| F|  |TAMS 0x000000060e000000, 0x000000060e000000| Untracked 
| 113|0x000000060e200000, 0x000000060e200000, 0x000000060e400000|  0%| F|  |TAMS 0x000000060e200000, 0x000000060e200000| Untracked 
| 114|0x000000060e400000, 0x000000060e400000, 0x000000060e600000|  0%| F|  |TAMS 0x000000060e400000, 0x000000060e400000| Untracked 
| 115|0x000000060e600000, 0x000000060e600000, 0x000000060e800000|  0%| F|  |TAMS 0x000000060e600000, 0x000000060e600000| Untracked 
| 116|0x000000060e800000, 0x000000060e800000, 0x000000060ea00000|  0%| F|  |TAMS 0x000000060e800000, 0x000000060e800000| Untracked 
| 117|0x000000060ea00000, 0x000000060ea00000, 0x000000060ec00000|  0%| F|  |TAMS 0x000000060ea00000, 0x000000060ea00000| Untracked 
| 118|0x000000060ec00000, 0x000000060ec00000, 0x000000060ee00000|  0%| F|  |TAMS 0x000000060ec00000, 0x000000060ec00000| Untracked 
| 119|0x000000060ee00000, 0x000000060ee00000, 0x000000060f000000|  0%| F|  |TAMS 0x000000060ee00000, 0x000000060ee00000| Untracked 
| 120|0x000000060f000000, 0x000000060f000000, 0x000000060f200000|  0%| F|  |TAMS 0x000000060f000000, 0x000000060f000000| Untracked 
| 121|0x000000060f200000, 0x000000060f200000, 0x000000060f400000|  0%| F|  |TAMS 0x000000060f200000, 0x000000060f200000| Untracked 
| 122|0x000000060f400000, 0x000000060f400000, 0x000000060f600000|  0%| F|  |TAMS 0x000000060f400000, 0x000000060f400000| Untracked 
| 123|0x000000060f600000, 0x000000060f600000, 0x000000060f800000|  0%| F|  |TAMS 0x000000060f600000, 0x000000060f600000| Untracked 
| 124|0x000000060f800000, 0x000000060f800000, 0x000000060fa00000|  0%| F|  |TAMS 0x000000060f800000, 0x000000060f800000| Untracked 
| 125|0x000000060fa00000, 0x000000060fa00000, 0x000000060fc00000|  0%| F|  |TAMS 0x000000060fa00000, 0x000000060fa00000| Untracked 
| 126|0x000000060fc00000, 0x000000060fc00000, 0x000000060fe00000|  0%| F|  |TAMS 0x000000060fc00000, 0x000000060fc00000| Untracked 
| 127|0x000000060fe00000, 0x000000060fe00000, 0x0000000610000000|  0%| F|  |TAMS 0x000000060fe00000, 0x000000060fe00000| Untracked 
| 128|0x0000000610000000, 0x0000000610000000, 0x0000000610200000|  0%| F|  |TAMS 0x0000000610000000, 0x0000000610000000| Untracked 
| 129|0x0000000610200000, 0x0000000610200000, 0x0000000610400000|  0%| F|  |TAMS 0x0000000610200000, 0x0000000610200000| Untracked 
| 130|0x0000000610400000, 0x0000000610400000, 0x0000000610600000|  0%| F|  |TAMS 0x0000000610400000, 0x0000000610400000| Untracked 
| 131|0x0000000610600000, 0x0000000610600000, 0x0000000610800000|  0%| F|  |TAMS 0x0000000610600000, 0x0000000610600000| Untracked 
| 132|0x0000000610800000, 0x0000000610800000, 0x0000000610a00000|  0%| F|  |TAMS 0x0000000610800000, 0x0000000610800000| Untracked 
| 133|0x0000000610a00000, 0x0000000610a00000, 0x0000000610c00000|  0%| F|  |TAMS 0x0000000610a00000, 0x0000000610a00000| Untracked 
| 134|0x0000000610c00000, 0x0000000610c00000, 0x0000000610e00000|  0%| F|  |TAMS 0x0000000610c00000, 0x0000000610c00000| Untracked 
| 135|0x0000000610e00000, 0x0000000610e00000, 0x0000000611000000|  0%| F|  |TAMS 0x0000000610e00000, 0x0000000610e00000| Untracked 
| 136|0x0000000611000000, 0x0000000611000000, 0x0000000611200000|  0%| F|  |TAMS 0x0000000611000000, 0x0000000611000000| Untracked 
| 137|0x0000000611200000, 0x0000000611200000, 0x0000000611400000|  0%| F|  |TAMS 0x0000000611200000, 0x0000000611200000| Untracked 
| 138|0x0000000611400000, 0x0000000611400000, 0x0000000611600000|  0%| F|  |TAMS 0x0000000611400000, 0x0000000611400000| Untracked 
| 139|0x0000000611600000, 0x0000000611600000, 0x0000000611800000|  0%| F|  |TAMS 0x0000000611600000, 0x0000000611600000| Untracked 
| 140|0x0000000611800000, 0x0000000611800000, 0x0000000611a00000|  0%| F|  |TAMS 0x0000000611800000, 0x0000000611800000| Untracked 
| 141|0x0000000611a00000, 0x0000000611a00000, 0x0000000611c00000|  0%| F|  |TAMS 0x0000000611a00000, 0x0000000611a00000| Untracked 
| 142|0x0000000611c00000, 0x0000000611c00000, 0x0000000611e00000|  0%| F|  |TAMS 0x0000000611c00000, 0x0000000611c00000| Untracked 
| 143|0x0000000611e00000, 0x0000000611e00000, 0x0000000612000000|  0%| F|  |TAMS 0x0000000611e00000, 0x0000000611e00000| Untracked 
| 144|0x0000000612000000, 0x0000000612000000, 0x0000000612200000|  0%| F|  |TAMS 0x0000000612000000, 0x0000000612000000| Untracked 
| 145|0x0000000612200000, 0x0000000612200000, 0x0000000612400000|  0%| F|  |TAMS 0x0000000612200000, 0x0000000612200000| Untracked 
| 146|0x0000000612400000, 0x0000000612400000, 0x0000000612600000|  0%| F|  |TAMS 0x0000000612400000, 0x0000000612400000| Untracked 
| 147|0x0000000612600000, 0x0000000612600000, 0x0000000612800000|  0%| F|  |TAMS 0x0000000612600000, 0x0000000612600000| Untracked 
| 148|0x0000000612800000, 0x0000000612800000, 0x0000000612a00000|  0%| F|  |TAMS 0x0000000612800000, 0x0000000612800000| Untracked 
| 149|0x0000000612a00000, 0x0000000612a00000, 0x0000000612c00000|  0%| F|  |TAMS 0x0000000612a00000, 0x0000000612a00000| Untracked 
| 150|0x0000000612c00000, 0x0000000612c00000, 0x0000000612e00000|  0%| F|  |TAMS 0x0000000612c00000, 0x0000000612c00000| Untracked 
| 151|0x0000000612e00000, 0x0000000612e00000, 0x0000000613000000|  0%| F|  |TAMS 0x0000000612e00000, 0x0000000612e00000| Untracked 
| 152|0x0000000613000000, 0x0000000613000000, 0x0000000613200000|  0%| F|  |TAMS 0x0000000613000000, 0x0000000613000000| Untracked 
| 153|0x0000000613200000, 0x0000000613200000, 0x0000000613400000|  0%| F|  |TAMS 0x0000000613200000, 0x0000000613200000| Untracked 
| 154|0x0000000613400000, 0x0000000613400000, 0x0000000613600000|  0%| F|  |TAMS 0x0000000613400000, 0x0000000613400000| Untracked 
| 155|0x0000000613600000, 0x0000000613600000, 0x0000000613800000|  0%| F|  |TAMS 0x0000000613600000, 0x0000000613600000| Untracked 
| 156|0x0000000613800000, 0x0000000613800000, 0x0000000613a00000|  0%| F|  |TAMS 0x0000000613800000, 0x0000000613800000| Untracked 
| 157|0x0000000613a00000, 0x0000000613a00000, 0x0000000613c00000|  0%| F|  |TAMS 0x0000000613a00000, 0x0000000613a00000| Untracked 
| 158|0x0000000613c00000, 0x0000000613c00000, 0x0000000613e00000|  0%| F|  |TAMS 0x0000000613c00000, 0x0000000613c00000| Untracked 
| 159|0x0000000613e00000, 0x0000000613e00000, 0x0000000614000000|  0%| F|  |TAMS 0x0000000613e00000, 0x0000000613e00000| Untracked 
| 160|0x0000000614000000, 0x0000000614000000, 0x0000000614200000|  0%| F|  |TAMS 0x0000000614000000, 0x0000000614000000| Untracked 
| 161|0x0000000614200000, 0x0000000614200000, 0x0000000614400000|  0%| F|  |TAMS 0x0000000614200000, 0x0000000614200000| Untracked 
| 162|0x0000000614400000, 0x0000000614400000, 0x0000000614600000|  0%| F|  |TAMS 0x0000000614400000, 0x0000000614400000| Untracked 
| 163|0x0000000614600000, 0x0000000614600000, 0x0000000614800000|  0%| F|  |TAMS 0x0000000614600000, 0x0000000614600000| Untracked 
| 164|0x0000000614800000, 0x0000000614800000, 0x0000000614a00000|  0%| F|  |TAMS 0x0000000614800000, 0x0000000614800000| Untracked 
| 165|0x0000000614a00000, 0x0000000614a00000, 0x0000000614c00000|  0%| F|  |TAMS 0x0000000614a00000, 0x0000000614a00000| Untracked 
| 166|0x0000000614c00000, 0x0000000614c00000, 0x0000000614e00000|  0%| F|  |TAMS 0x0000000614c00000, 0x0000000614c00000| Untracked 
| 167|0x0000000614e00000, 0x0000000614e00000, 0x0000000615000000|  0%| F|  |TAMS 0x0000000614e00000, 0x0000000614e00000| Untracked 
| 168|0x0000000615000000, 0x0000000615000000, 0x0000000615200000|  0%| F|  |TAMS 0x0000000615000000, 0x0000000615000000| Untracked 
| 169|0x0000000615200000, 0x0000000615200000, 0x0000000615400000|  0%| F|  |TAMS 0x0000000615200000, 0x0000000615200000| Untracked 
| 170|0x0000000615400000, 0x0000000615400000, 0x0000000615600000|  0%| F|  |TAMS 0x0000000615400000, 0x0000000615400000| Untracked 
| 171|0x0000000615600000, 0x0000000615600000, 0x0000000615800000|  0%| F|  |TAMS 0x0000000615600000, 0x0000000615600000| Untracked 
| 172|0x0000000615800000, 0x0000000615800000, 0x0000000615a00000|  0%| F|  |TAMS 0x0000000615800000, 0x0000000615800000| Untracked 
| 173|0x0000000615a00000, 0x0000000615a00000, 0x0000000615c00000|  0%| F|  |TAMS 0x0000000615a00000, 0x0000000615a00000| Untracked 
| 174|0x0000000615c00000, 0x0000000615c00000, 0x0000000615e00000|  0%| F|  |TAMS 0x0000000615c00000, 0x0000000615c00000| Untracked 
| 175|0x0000000615e00000, 0x0000000615e00000, 0x0000000616000000|  0%| F|  |TAMS 0x0000000615e00000, 0x0000000615e00000| Untracked 
| 176|0x0000000616000000, 0x0000000616000000, 0x0000000616200000|  0%| F|  |TAMS 0x0000000616000000, 0x0000000616000000| Untracked 
| 177|0x0000000616200000, 0x0000000616200000, 0x0000000616400000|  0%| F|  |TAMS 0x0000000616200000, 0x0000000616200000| Untracked 
| 178|0x0000000616400000, 0x0000000616400000, 0x0000000616600000|  0%| F|  |TAMS 0x0000000616400000, 0x0000000616400000| Untracked 
| 179|0x0000000616600000, 0x0000000616600000, 0x0000000616800000|  0%| F|  |TAMS 0x0000000616600000, 0x0000000616600000| Untracked 
| 180|0x0000000616800000, 0x0000000616800000, 0x0000000616a00000|  0%| F|  |TAMS 0x0000000616800000, 0x0000000616800000| Untracked 
| 181|0x0000000616a00000, 0x0000000616a00000, 0x0000000616c00000|  0%| F|  |TAMS 0x0000000616a00000, 0x0000000616a00000| Untracked 
| 182|0x0000000616c00000, 0x0000000616c00000, 0x0000000616e00000|  0%| F|  |TAMS 0x0000000616c00000, 0x0000000616c00000| Untracked 
| 183|0x0000000616e00000, 0x0000000616e00000, 0x0000000617000000|  0%| F|  |TAMS 0x0000000616e00000, 0x0000000616e00000| Untracked 
| 184|0x0000000617000000, 0x0000000617000000, 0x0000000617200000|  0%| F|  |TAMS 0x0000000617000000, 0x0000000617000000| Untracked 
| 185|0x0000000617200000, 0x0000000617200000, 0x0000000617400000|  0%| F|  |TAMS 0x0000000617200000, 0x0000000617200000| Untracked 
| 186|0x0000000617400000, 0x0000000617400000, 0x0000000617600000|  0%| F|  |TAMS 0x0000000617400000, 0x0000000617400000| Untracked 
| 187|0x0000000617600000, 0x0000000617600000, 0x0000000617800000|  0%| F|  |TAMS 0x0000000617600000, 0x0000000617600000| Untracked 
| 188|0x0000000617800000, 0x0000000617800000, 0x0000000617a00000|  0%| F|  |TAMS 0x0000000617800000, 0x0000000617800000| Untracked 
| 189|0x0000000617a00000, 0x0000000617a00000, 0x0000000617c00000|  0%| F|  |TAMS 0x0000000617a00000, 0x0000000617a00000| Untracked 
| 190|0x0000000617c00000, 0x0000000617c00000, 0x0000000617e00000|  0%| F|  |TAMS 0x0000000617c00000, 0x0000000617c00000| Untracked 
| 191|0x0000000617e00000, 0x0000000617e00000, 0x0000000618000000|  0%| F|  |TAMS 0x0000000617e00000, 0x0000000617e00000| Untracked 
| 192|0x0000000618000000, 0x0000000618000000, 0x0000000618200000|  0%| F|  |TAMS 0x0000000618000000, 0x0000000618000000| Untracked 
| 193|0x0000000618200000, 0x0000000618200000, 0x0000000618400000|  0%| F|  |TAMS 0x0000000618200000, 0x0000000618200000| Untracked 
| 194|0x0000000618400000, 0x0000000618400000, 0x0000000618600000|  0%| F|  |TAMS 0x0000000618400000, 0x0000000618400000| Untracked 
| 195|0x0000000618600000, 0x0000000618600000, 0x0000000618800000|  0%| F|  |TAMS 0x0000000618600000, 0x0000000618600000| Untracked 
| 196|0x0000000618800000, 0x0000000618800000, 0x0000000618a00000|  0%| F|  |TAMS 0x0000000618800000, 0x0000000618800000| Untracked 
| 197|0x0000000618a00000, 0x0000000618a00000, 0x0000000618c00000|  0%| F|  |TAMS 0x0000000618a00000, 0x0000000618a00000| Untracked 
| 198|0x0000000618c00000, 0x0000000618c00000, 0x0000000618e00000|  0%| F|  |TAMS 0x0000000618c00000, 0x0000000618c00000| Untracked 
| 199|0x0000000618e00000, 0x0000000618e00000, 0x0000000619000000|  0%| F|  |TAMS 0x0000000618e00000, 0x0000000618e00000| Untracked 
| 200|0x0000000619000000, 0x0000000619000000, 0x0000000619200000|  0%| F|  |TAMS 0x0000000619000000, 0x0000000619000000| Untracked 
| 201|0x0000000619200000, 0x0000000619200000, 0x0000000619400000|  0%| F|  |TAMS 0x0000000619200000, 0x0000000619200000| Untracked 
| 202|0x0000000619400000, 0x0000000619400000, 0x0000000619600000|  0%| F|  |TAMS 0x0000000619400000, 0x0000000619400000| Untracked 
| 203|0x0000000619600000, 0x0000000619600000, 0x0000000619800000|  0%| F|  |TAMS 0x0000000619600000, 0x0000000619600000| Untracked 
| 204|0x0000000619800000, 0x0000000619800000, 0x0000000619a00000|  0%| F|  |TAMS 0x0000000619800000, 0x0000000619800000| Untracked 
| 205|0x0000000619a00000, 0x0000000619a00000, 0x0000000619c00000|  0%| F|  |TAMS 0x0000000619a00000, 0x0000000619a00000| Untracked 
| 206|0x0000000619c00000, 0x0000000619c00000, 0x0000000619e00000|  0%| F|  |TAMS 0x0000000619c00000, 0x0000000619c00000| Untracked 
| 207|0x0000000619e00000, 0x0000000619e00000, 0x000000061a000000|  0%| F|  |TAMS 0x0000000619e00000, 0x0000000619e00000| Untracked 
| 208|0x000000061a000000, 0x000000061a000000, 0x000000061a200000|  0%| F|  |TAMS 0x000000061a000000, 0x000000061a000000| Untracked 
| 209|0x000000061a200000, 0x000000061a200000, 0x000000061a400000|  0%| F|  |TAMS 0x000000061a200000, 0x000000061a200000| Untracked 
| 210|0x000000061a400000, 0x000000061a400000, 0x000000061a600000|  0%| F|  |TAMS 0x000000061a400000, 0x000000061a400000| Untracked 
| 211|0x000000061a600000, 0x000000061a600000, 0x000000061a800000|  0%| F|  |TAMS 0x000000061a600000, 0x000000061a600000| Untracked 
| 212|0x000000061a800000, 0x000000061a800000, 0x000000061aa00000|  0%| F|  |TAMS 0x000000061a800000, 0x000000061a800000| Untracked 
| 213|0x000000061aa00000, 0x000000061aa00000, 0x000000061ac00000|  0%| F|  |TAMS 0x000000061aa00000, 0x000000061aa00000| Untracked 
| 214|0x000000061ac00000, 0x000000061ac00000, 0x000000061ae00000|  0%| F|  |TAMS 0x000000061ac00000, 0x000000061ac00000| Untracked 
| 215|0x000000061ae00000, 0x000000061ae00000, 0x000000061b000000|  0%| F|  |TAMS 0x000000061ae00000, 0x000000061ae00000| Untracked 
| 216|0x000000061b000000, 0x000000061b000000, 0x000000061b200000|  0%| F|  |TAMS 0x000000061b000000, 0x000000061b000000| Untracked 
| 217|0x000000061b200000, 0x000000061b200000, 0x000000061b400000|  0%| F|  |TAMS 0x000000061b200000, 0x000000061b200000| Untracked 
| 218|0x000000061b400000, 0x000000061b400000, 0x000000061b600000|  0%| F|  |TAMS 0x000000061b400000, 0x000000061b400000| Untracked 
| 219|0x000000061b600000, 0x000000061b600000, 0x000000061b800000|  0%| F|  |TAMS 0x000000061b600000, 0x000000061b600000| Untracked 
| 220|0x000000061b800000, 0x000000061b800000, 0x000000061ba00000|  0%| F|  |TAMS 0x000000061b800000, 0x000000061b800000| Untracked 
| 221|0x000000061ba00000, 0x000000061ba00000, 0x000000061bc00000|  0%| F|  |TAMS 0x000000061ba00000, 0x000000061ba00000| Untracked 
| 222|0x000000061bc00000, 0x000000061bc00000, 0x000000061be00000|  0%| F|  |TAMS 0x000000061bc00000, 0x000000061bc00000| Untracked 
| 223|0x000000061be00000, 0x000000061be00000, 0x000000061c000000|  0%| F|  |TAMS 0x000000061be00000, 0x000000061be00000| Untracked 
| 224|0x000000061c000000, 0x000000061c000000, 0x000000061c200000|  0%| F|  |TAMS 0x000000061c000000, 0x000000061c000000| Untracked 
| 225|0x000000061c200000, 0x000000061c200000, 0x000000061c400000|  0%| F|  |TAMS 0x000000061c200000, 0x000000061c200000| Untracked 
| 226|0x000000061c400000, 0x000000061c400000, 0x000000061c600000|  0%| F|  |TAMS 0x000000061c400000, 0x000000061c400000| Untracked 
| 227|0x000000061c600000, 0x000000061c600000, 0x000000061c800000|  0%| F|  |TAMS 0x000000061c600000, 0x000000061c600000| Untracked 
| 228|0x000000061c800000, 0x000000061c800000, 0x000000061ca00000|  0%| F|  |TAMS 0x000000061c800000, 0x000000061c800000| Untracked 
| 229|0x000000061ca00000, 0x000000061ca00000, 0x000000061cc00000|  0%| F|  |TAMS 0x000000061ca00000, 0x000000061ca00000| Untracked 
| 230|0x000000061cc00000, 0x000000061cc00000, 0x000000061ce00000|  0%| F|  |TAMS 0x000000061cc00000, 0x000000061cc00000| Untracked 
| 231|0x000000061ce00000, 0x000000061ce00000, 0x000000061d000000|  0%| F|  |TAMS 0x000000061ce00000, 0x000000061ce00000| Untracked 
| 232|0x000000061d000000, 0x000000061d000000, 0x000000061d200000|  0%| F|  |TAMS 0x000000061d000000, 0x000000061d000000| Untracked 
| 233|0x000000061d200000, 0x000000061d2995c8, 0x000000061d400000| 29%| S|CS|TAMS 0x000000061d200000, 0x000000061d200000| Complete 
| 234|0x000000061d400000, 0x000000061d600000, 0x000000061d600000|100%| S|CS|TAMS 0x000000061d400000, 0x000000061d400000| Complete 
| 235|0x000000061d600000, 0x000000061d800000, 0x000000061d800000|100%| S|CS|TAMS 0x000000061d600000, 0x000000061d600000| Complete 
| 236|0x000000061d800000, 0x000000061d800000, 0x000000061da00000|  0%| F|  |TAMS 0x000000061d800000, 0x000000061d800000| Untracked 
| 237|0x000000061da00000, 0x000000061da00000, 0x000000061dc00000|  0%| F|  |TAMS 0x000000061da00000, 0x000000061da00000| Untracked 
| 238|0x000000061dc00000, 0x000000061dc00000, 0x000000061de00000|  0%| F|  |TAMS 0x000000061dc00000, 0x000000061dc00000| Untracked 
| 239|0x000000061de00000, 0x000000061de00000, 0x000000061e000000|  0%| F|  |TAMS 0x000000061de00000, 0x000000061de00000| Untracked 
| 240|0x000000061e000000, 0x000000061e000000, 0x000000061e200000|  0%| F|  |TAMS 0x000000061e000000, 0x000000061e000000| Untracked 
| 241|0x000000061e200000, 0x000000061e200000, 0x000000061e400000|  0%| F|  |TAMS 0x000000061e200000, 0x000000061e200000| Untracked 
| 242|0x000000061e400000, 0x000000061e400000, 0x000000061e600000|  0%| F|  |TAMS 0x000000061e400000, 0x000000061e400000| Untracked 
| 243|0x000000061e600000, 0x000000061e600000, 0x000000061e800000|  0%| F|  |TAMS 0x000000061e600000, 0x000000061e600000| Untracked 
| 244|0x000000061e800000, 0x000000061e800000, 0x000000061ea00000|  0%| F|  |TAMS 0x000000061e800000, 0x000000061e800000| Untracked 
| 245|0x000000061ea00000, 0x000000061ea00000, 0x000000061ec00000|  0%| F|  |TAMS 0x000000061ea00000, 0x000000061ea00000| Untracked 
| 246|0x000000061ec00000, 0x000000061ee00000, 0x000000061ee00000|100%| E|  |TAMS 0x000000061ec00000, 0x000000061ec00000| Complete 
| 247|0x000000061ee00000, 0x000000061f000000, 0x000000061f000000|100%| E|CS|TAMS 0x000000061ee00000, 0x000000061ee00000| Complete 
| 248|0x000000061f000000, 0x000000061f200000, 0x000000061f200000|100%| E|CS|TAMS 0x000000061f000000, 0x000000061f000000| Complete 
| 249|0x000000061f200000, 0x000000061f400000, 0x000000061f400000|100%| E|CS|TAMS 0x000000061f200000, 0x000000061f200000| Complete 
| 250|0x000000061f400000, 0x000000061f600000, 0x000000061f600000|100%| E|CS|TAMS 0x000000061f400000, 0x000000061f400000| Complete 
| 251|0x000000061f600000, 0x000000061f800000, 0x000000061f800000|100%| E|CS|TAMS 0x000000061f600000, 0x000000061f600000| Complete 
| 252|0x000000061f800000, 0x000000061fa00000, 0x000000061fa00000|100%| E|CS|TAMS 0x000000061f800000, 0x000000061f800000| Complete 
| 253|0x000000061fa00000, 0x000000061fc00000, 0x000000061fc00000|100%| E|CS|TAMS 0x000000061fa00000, 0x000000061fa00000| Complete 
| 254|0x000000061fc00000, 0x000000061fe00000, 0x000000061fe00000|100%| E|CS|TAMS 0x000000061fc00000, 0x000000061fc00000| Complete 
| 255|0x000000061fe00000, 0x0000000620000000, 0x0000000620000000|100%| E|CS|TAMS 0x000000061fe00000, 0x000000061fe00000| Complete 
|3582|0x00000007bfc00000, 0x00000007bfd52000, 0x00000007bfe00000| 66%|OA|  |TAMS 0x00000007bfc00000, 0x00000007bfc00000| Untracked 
|3583|0x00000007bfe00000, 0x00000007bfe7c000, 0x00000007c0000000| 24%|CA|  |TAMS 0x00000007bfe00000, 0x00000007bfe00000| Untracked 

Card table byte_map: [0x0000000126a5d000,0x0000000127a5d000] _byte_map_base: 0x0000000123a5d000

Marking Bits (Prev, Next): (CMBitMap*) 0x00007fcc4282e618, (CMBitMap*) 0x00007fcc4282e658
 Prev Bits: [0x0000000128a5d000, 0x0000000130a5d000)
 Next Bits: [0x0000000130a5d000, 0x0000000138a5d000)

Polling page: 0x000000010275f000

Metaspace:

Usage:
  Non-class:     11.43 MB capacity,    11.19 MB ( 98%) used,   225.73 KB (  2%) free+waste,    24.38 KB ( <1%) overhead. 
      Class:      1.83 MB capacity,     1.69 MB ( 93%) used,   124.14 KB (  7%) free+waste,    12.75 KB ( <1%) overhead. 
       Both:     13.26 MB capacity,    12.88 MB ( 97%) used,   349.87 KB (  3%) free+waste,    37.12 KB ( <1%) overhead. 

Virtual space:
  Non-class space:       12.00 MB reserved,      11.75 MB ( 98%) committed 
      Class space:        1.00 GB reserved,       1.88 MB ( <1%) committed 
             Both:        1.01 GB reserved,      13.62 MB (  1%) committed 

Chunk freelists:
   Non-Class:  110.00 KB
       Class:  9.00 KB
        Both:  119.00 KB

MaxMetaspaceSize: unlimited
CompressedClassSpaceSize: 1.00 GB

CodeHeap 'non-profiled nmethods': size=120028Kb used=490Kb max_used=490Kb free=119537Kb
 bounds [0x000000011e43b000, 0x000000011e6ab000, 0x0000000125972000]
CodeHeap 'profiled nmethods': size=120028Kb used=2783Kb max_used=2783Kb free=117244Kb
 bounds [0x0000000116f04000, 0x00000001171c4000, 0x000000011e43b000]
CodeHeap 'non-nmethods': size=5704Kb used=1210Kb max_used=1229Kb free=4493Kb
 bounds [0x0000000116972000, 0x0000000116be2000, 0x0000000116f04000]
 total_blobs=1762 nmethods=1281 adapters=396
 compilation: enabled
              stopped_count=0, restarted_count=0
 full_count=0

Compilation events (20 events):
Event: 2.218 Thread 0x00007fcc43871800 1272       1       ch.qos.logback.classic.spi.LoggingEvent::getLevel (5 bytes)
Event: 2.218 Thread 0x00007fcc43871800 nmethod 1272 0x000000011e4b1e90 code [0x000000011e4b2020, 0x000000011e4b20f0]
Event: 2.218 Thread 0x00007fcc43871800 1273       1       ch.qos.logback.classic.Level::toString (5 bytes)
Event: 2.218 Thread 0x00007fcc43871800 nmethod 1273 0x000000011e4b2190 code [0x000000011e4b2320, 0x000000011e4b23f0]
Event: 2.218 Thread 0x00007fcc43871800 1274       1       ch.qos.logback.classic.spi.LoggingEvent::getLoggerName (5 bytes)
Event: 2.218 Thread 0x00007fcc43871800 nmethod 1274 0x000000011e4b2490 code [0x000000011e4b2620, 0x000000011e4b26f0]
Event: 2.218 Thread 0x00007fcc43871800 1275       1       ch.qos.logback.classic.spi.LoggingEvent::getThrowableProxy (5 bytes)
Event: 2.218 Thread 0x00007fcc43871800 nmethod 1275 0x000000011e4b2790 code [0x000000011e4b2920, 0x000000011e4b29f0]
Event: 2.231 Thread 0x00007fcc43871800 1281       3       java.util.Arrays::equals (43 bytes)
Event: 2.232 Thread 0x00007fcc43871800 nmethod 1281 0x00000001171b8e90 code [0x00000001171b9040, 0x00000001171b92e0]
Event: 2.232 Thread 0x00007fcc43871800 1282       3       java.lang.invoke.LambdaFormEditor$Transform::<init> (17 bytes)
Event: 2.232 Thread 0x00007fcc43871800 nmethod 1282 0x00000001171b9510 code [0x00000001171b96c0, 0x00000001171b9ad0]
Event: 2.232 Thread 0x00007fcc43871800 1283       3       jdk.internal.loader.ClassLoaders::platformClassLoader (4 bytes)
Event: 2.232 Thread 0x00007fcc43871800 nmethod 1283 0x00000001171b9d10 code [0x00000001171b9ea0, 0x00000001171b9f90]
Event: 2.232 Thread 0x00007fcc43871800 1284   !   3       jdk.internal.loader.BuiltinClassLoader$2::run (114 bytes)
Event: 2.233 Thread 0x00007fcc43871800 nmethod 1284 0x00000001171ba010 code [0x00000001171ba2a0, 0x00000001171bb1b0]
Event: 2.236 Thread 0x00007fcc43871800 1285       3       java.lang.StringCoding::hasNegatives (25 bytes)
Event: 2.236 Thread 0x00007fcc43871800 nmethod 1285 0x00000001171bba10 code [0x00000001171bbba0, 0x00000001171bbdb0]
Event: 2.237 Thread 0x00007fcc1200b800 nmethod 1264% 0x000000011e4b2d90 code [0x000000011e4b2fe0, 0x000000011e4b4568]
Event: 2.237 Thread 0x00007fcc1200b800 1278       4       java.util.HashMap::put (13 bytes)

GC Heap History (4 events):
Event: 1.215 GC heap before
{Heap before GC invocations=0 (full 0):
 garbage-first heap   total 528384K, used 24376K [0x0000000600000000, 0x0000000800000000)
  region size 2048K, 12 young (24576K), 0 survivors (0K)
 Metaspace       used 1237K, capacity 4655K, committed 4864K, reserved 1056768K
  class space    used 123K, capacity 445K, committed 512K, reserved 1048576K
}
Event: 1.232 GC heap after
{Heap after GC invocations=1 (full 0):
 garbage-first heap   total 528384K, used 4655K [0x0000000600000000, 0x0000000800000000)
  region size 2048K, 2 young (4096K), 2 survivors (4096K)
 Metaspace       used 1237K, capacity 4655K, committed 4864K, reserved 1056768K
  class space    used 123K, capacity 445K, committed 512K, reserved 1048576K
}
Event: 1.873 GC heap before
{Heap before GC invocations=1 (full 0):
 garbage-first heap   total 528384K, used 39471K [0x0000000600000000, 0x0000000800000000)
  region size 2048K, 20 young (40960K), 2 survivors (4096K)
 Metaspace       used 8621K, capacity 8847K, committed 9088K, reserved 1056768K
  class space    used 946K, capacity 1018K, committed 1152K, reserved 1048576K
}
Event: 1.879 GC heap after
{Heap after GC invocations=2 (full 0):
 garbage-first heap   total 528384K, used 6557K [0x0000000600000000, 0x0000000800000000)
  region size 2048K, 3 young (6144K), 3 survivors (6144K)
 Metaspace       used 8621K, capacity 8847K, committed 9088K, reserved 1056768K
  class space    used 946K, capacity 1018K, committed 1152K, reserved 1048576K
}

Deoptimization events (20 events):
Event: 2.017 Thread 0x00007fcc4200d000 DEOPT PACKING pc=0x000000011e48470c sp=0x0000000309485330
Event: 2.017 Thread 0x00007fcc4200d000 DEOPT UNPACKING pc=0x00000001169bb11f sp=0x00000003094852d0 mode 2
Event: 2.035 Thread 0x00007fcc4200d000 DEOPT PACKING pc=0x0000000116f507a0 sp=0x0000000309483e60
Event: 2.035 Thread 0x00007fcc4200d000 DEOPT UNPACKING pc=0x00000001169bb62b sp=0x0000000309483398 mode 0
Event: 2.062 Thread 0x00007fcc4200d000 Uncommon trap: trap_request=0xffffff45 fr.pc=0x000000011e49dde8 relative=0x0000000000001108
Event: 2.062 Thread 0x00007fcc4200d000 Uncommon trap: reason=unstable_if action=reinterpret pc=0x000000011e49dde8 method=java.util.concurrent.ConcurrentHashMap.putVal(Ljava/lang/Object;Ljava/lang/Object;Z)Ljava/lang/Object; @ 256 c2
Event: 2.062 Thread 0x00007fcc4200d000 DEOPT PACKING pc=0x000000011e49dde8 sp=0x0000000309487230
Event: 2.062 Thread 0x00007fcc4200d000 DEOPT UNPACKING pc=0x00000001169bb11f sp=0x00000003094871b8 mode 2
Event: 2.085 Thread 0x00007fcc4200d000 Uncommon trap: trap_request=0xffffff45 fr.pc=0x000000011e484688 relative=0x0000000000000608
Event: 2.085 Thread 0x00007fcc4200d000 Uncommon trap: reason=unstable_if action=reinterpret pc=0x000000011e484688 method=java.util.concurrent.ConcurrentHashMap.get(Ljava/lang/Object;)Ljava/lang/Object; @ 76 c2
Event: 2.085 Thread 0x00007fcc4200d000 DEOPT PACKING pc=0x000000011e484688 sp=0x00000003094864d0
Event: 2.085 Thread 0x00007fcc4200d000 DEOPT UNPACKING pc=0x00000001169bb11f sp=0x0000000309486478 mode 2
Event: 2.121 Thread 0x00007fcc4200d000 Uncommon trap: trap_request=0xffffff45 fr.pc=0x000000011e4717c0 relative=0x00000000000001e0
Event: 2.121 Thread 0x00007fcc4200d000 Uncommon trap: reason=unstable_if action=reinterpret pc=0x000000011e4717c0 method=java.lang.String.startsWith(Ljava/lang/String;I)Z @ 1 c2
Event: 2.121 Thread 0x00007fcc4200d000 DEOPT PACKING pc=0x000000011e4717c0 sp=0x0000000309486110
Event: 2.121 Thread 0x00007fcc4200d000 DEOPT UNPACKING pc=0x00000001169bb11f sp=0x0000000309486098 mode 2
Event: 2.235 Thread 0x00007fcc4200d000 Uncommon trap: trap_request=0xffffff45 fr.pc=0x000000011e457d14 relative=0x0000000000000174
Event: 2.235 Thread 0x00007fcc4200d000 Uncommon trap: reason=unstable_if action=reinterpret pc=0x000000011e457d14 method=java.lang.StringCoding.hasNegatives([BII)Z @ 12 c2
Event: 2.235 Thread 0x00007fcc4200d000 DEOPT PACKING pc=0x000000011e457d14 sp=0x0000000309485ca0
Event: 2.235 Thread 0x00007fcc4200d000 DEOPT UNPACKING pc=0x00000001169bb11f sp=0x0000000309485c50 mode 2

Classes unloaded (0 events):
No events

Classes redefined (0 events):
No events

Internal exceptions (11 events):
Event: 1.002 Thread 0x00007fcc4200d000 Exception <a 'java/lang/NoClassDefFoundError'{0x000000061fa96698}: jdk/internal/loader/NativeLibraries> (0x000000061fa96698) 
thrown [./src/hotspot/share/classfile/systemDictionary.cpp, line 215]
Event: 1.005 Thread 0x00007fcc4200d000 Exception <a 'java/lang/NoSuchMethodError'{0x000000061fa98470}: 'java.lang.Object java.lang.invoke.DirectMethodHandle$Holder.invokeStaticInit(java.lang.Object, java.lang.Object, java.lang.Object)'> (0x000000061fa98470) 
thrown [./src/hotspot/share/interpreter/linkResolver.cpp, line 766]
Event: 1.369 Thread 0x00007fcc4200d000 Exception <a 'java/lang/NoSuchMethodError'{0x000000061e86f3b0}: 'void java.lang.invoke.DirectMethodHandle$Holder.invokeSpecial(java.lang.Object, java.lang.Object, java.lang.Object, java.lang.Object, java.lang.Object)'> (0x000000061e86f3b0) 
thrown [./src/hotspot/share/interpreter/linkResolver.cpp, line 766]
Event: 1.371 Thread 0x00007fcc4200d000 Exception <a 'java/lang/NoSuchMethodError'{0x000000061e8764e8}: 'void java.lang.invoke.DirectMethodHandle$Holder.invokeStatic(java.lang.Object, java.lang.Object, java.lang.Object, java.lang.Object)'> (0x000000061e8764e8) 
thrown [./src/hotspot/share/interpreter/linkResolver.cpp, line 766]
Event: 1.501 Thread 0x00007fcc4200d000 Exception <a 'java/lang/ClassNotFoundException'{0x000000061e3fbd90}: javax/smartcardio/CardPermission> (0x000000061e3fbd90) 
thrown [./src/hotspot/share/classfile/systemDictionary.cpp, line 226]
Event: 1.513 Thread 0x00007fcc4200d000 Exception <a 'java/io/FileNotFoundException'{0x000000061e009b30}> (0x000000061e009b30) 
thrown [./src/hotspot/share/prims/jni.cpp, line 599]
Event: 1.601 Thread 0x00007fcc4200d000 Exception <a 'java/lang/NoSuchMethodError'{0x000000061def22c0}: 'org.slf4j.impl.StaticMDCBinder org.slf4j.impl.StaticMDCBinder.getSingleton()'> (0x000000061def22c0) 
thrown [./src/hotspot/share/interpreter/linkResolver.cpp, line 766]
Event: 1.726 Thread 0x00007fcc4200d000 Exception <a 'java/lang/NoSuchMethodError'{0x000000061ddc8dc8}: 'int java.lang.invoke.DirectMethodHandle$Holder.invokeSpecialIFC(java.lang.Object, java.lang.Object, int)'> (0x000000061ddc8dc8) 
thrown [./src/hotspot/share/interpreter/linkResolver.cpp, line 766]
Event: 1.736 Thread 0x00007fcc4200d000 Exception <a 'java/lang/ClassNotFoundException'{0x000000061dddb820}: com/sun/org/apache/xerces/internal/impl/xpath/regex/spi/messageProvider> (0x000000061dddb820) 
thrown [./src/hotspot/share/classfile/systemDictionary.cpp, line 226]
Event: 1.804 Thread 0x00007fcc4200d000 Implicit null exception at 0x000000011e46b6e4 to 0x000000011e46bc78
Event: 2.209 Thread 0x00007fcc4200d000 Exception <a 'java/lang/NoSuchMethodError'{0x000000061efba170}: 'java.lang.Object java.lang.invoke.Invokers$Holder.invokeExact_MT(java.lang.Object, java.lang.Object, java.lang.Object, java.lang.Object, java.lang.Object, java.lang.Object)'> (0x000000061efba170) 
thrown [./src/hotspot/share/interpreter/linkResolver.cpp, line 766]

Events (20 events):
Event: 2.175 loading class java/time/OffsetTime
Event: 2.175 loading class java/time/OffsetTime done
Event: 2.182 loading class java/text/ParseException
Event: 2.182 loading class java/text/ParseException done
Event: 2.189 loading class java/util/Currency
Event: 2.189 loading class java/util/Currency done
Event: 2.223 loading class javax/xml/stream/XMLStreamException
Event: 2.223 loading class javax/xml/stream/XMLStreamException done
Event: 2.228 loading class javax/xml/stream/XMLResolver
Event: 2.228 loading class javax/xml/stream/XMLResolver done
Event: 2.228 loading class javax/xml/stream/XMLEventReader
Event: 2.228 loading class javax/xml/stream/XMLEventReader done
Event: 2.230 loading class javax/xml/stream/XMLEventFactory
Event: 2.230 loading class javax/xml/stream/XMLEventFactory done
Event: 2.230 loading class javax/xml/stream/FactoryFinder
Event: 2.231 loading class javax/xml/stream/FactoryFinder done
Event: 2.232 loading class javax/xml/stream/FactoryFinder$1
Event: 2.232 loading class javax/xml/stream/FactoryFinder$1 done
Event: 2.233 loading class com/sun/xml/internal/stream/events/XMLEventFactoryImpl
Event: 2.233 loading class com/sun/xml/internal/stream/events/XMLEventFactoryImpl done


Dynamic libraries:
0x000000010ad8e000 	/Library/Java/JavaVirtualMachines/adoptopenjdk-14.jdk/Contents/Home/lib/libjli.dylib
0x00007ff81c2c7000 	/usr/lib/libz.1.dylib
0x00007ff81c3ad000 	/usr/lib/libSystem.B.dylib
0x00007ff81c3a8000 	/usr/lib/system/libcache.dylib
0x00007ff81c364000 	/usr/lib/system/libcommonCrypto.dylib
0x00007ff81c38d000 	/usr/lib/system/libcompiler_rt.dylib
0x00007ff81c383000 	/usr/lib/system/libcopyfile.dylib
0x00007ff810f65000 	/usr/lib/system/libcorecrypto.dylib
0x00007ff811023000 	/usr/lib/system/libdispatch.dylib
0x00007ff8111e3000 	/usr/lib/system/libdyld.dylib
0x00007ff81c39f000 	/usr/lib/system/libkeymgr.dylib
0x00007ff81c342000 	/usr/lib/system/libmacho.dylib
0x00007ff81b9bb000 	/usr/lib/system/libquarantine.dylib
0x00007ff81c39d000 	/usr/lib/system/libremovefile.dylib
0x00007ff816094000 	/usr/lib/system/libsystem_asl.dylib
0x00007ff810f0e000 	/usr/lib/system/libsystem_blocks.dylib
0x00007ff8110a7000 	/usr/lib/system/libsystem_c.dylib
0x00007ff81c395000 	/usr/lib/system/libsystem_collections.dylib
0x00007ff81ace6000 	/usr/lib/system/libsystem_configuration.dylib
0x00007ff819f92000 	/usr/lib/system/libsystem_containermanager.dylib
0x00007ff81c075000 	/usr/lib/system/libsystem_coreservices.dylib
0x00007ff81373d000 	/usr/lib/system/libsystem_darwin.dylib
0x00007ff81c3a0000 	/usr/lib/system/libsystem_dnssd.dylib
0x00007ff8110a4000 	/usr/lib/system/libsystem_featureflags.dylib
0x00007ff8111f9000 	/usr/lib/system/libsystem_info.dylib
0x00007ff81c2da000 	/usr/lib/system/libsystem_m.dylib
0x00007ff810ff7000 	/usr/lib/system/libsystem_malloc.dylib
0x00007ff81602f000 	/usr/lib/system/libsystem_networkextension.dylib
0x00007ff813b63000 	/usr/lib/system/libsystem_notify.dylib
0x00007ff8226c9000 	/usr/lib/system/libsystem_product_info_filter.dylib
0x00007ff81acea000 	/usr/lib/system/libsystem_sandbox.dylib
0x00007ff81c39a000 	/usr/lib/system/libsystem_secinit.dylib
0x00007ff81119f000 	/usr/lib/system/libsystem_kernel.dylib
0x00007ff8111ef000 	/usr/lib/system/libsystem_platform.dylib
0x00007ff8111d7000 	/usr/lib/system/libsystem_pthread.dylib
0x00007ff81794c000 	/usr/lib/system/libsystem_symptoms.dylib
0x00007ff810f4c000 	/usr/lib/system/libsystem_trace.dylib
0x00007ff81c370000 	/usr/lib/system/libunwind.dylib
0x00007ff810f10000 	/usr/lib/system/libxpc.dylib
0x00007ff811189000 	/usr/lib/libc++abi.dylib
0x00007ff81106a000 	/usr/lib/libobjc.A.dylib
0x00007ff81c37b000 	/usr/lib/liboah.dylib
0x00007ff811130000 	/usr/lib/libc++.1.dylib
0x00007ff8284c6000 	/System/Library/Frameworks/Cocoa.framework/Versions/A/Cocoa
0x00007ff813bc1000 	/System/Library/Frameworks/AppKit.framework/Versions/C/AppKit
0x00007ff81712b000 	/System/Library/Frameworks/CoreData.framework/Versions/A/CoreData
0x00007ff811fcd000 	/System/Library/Frameworks/Foundation.framework/Versions/C/Foundation
0x00007ff814a4f000 	/System/Library/PrivateFrameworks/UIFoundation.framework/Versions/A/UIFoundation
0x00007ff8223cc000 	/System/Library/PrivateFrameworks/RemoteViewServices.framework/Versions/A/RemoteViewServices
0x00007ff81a670000 	/System/Library/PrivateFrameworks/XCTTargetBootstrap.framework/Versions/A/XCTTargetBootstrap
0x00007ff81e272000 	/System/Library/PrivateFrameworks/InternationalSupport.framework/Versions/A/InternationalSupport
0x00007ff81e2fc000 	/System/Library/PrivateFrameworks/UserActivity.framework/Versions/A/UserActivity
0x00007ff81d656000 	/usr/lib/libspindump.dylib
0x00007ff814cdd000 	/System/Library/Frameworks/UniformTypeIdentifiers.framework/Versions/A/UniformTypeIdentifiers
0x00007ff818d99000 	/usr/lib/libapp_launch_measurement.dylib
0x00007ff817b0c000 	/System/Library/PrivateFrameworks/CoreAnalytics.framework/Versions/A/CoreAnalytics
0x00007ff818d9c000 	/System/Library/PrivateFrameworks/CoreAutoLayout.framework/Versions/A/CoreAutoLayout
0x00007ff819fca000 	/System/Library/Frameworks/Metal.framework/Versions/A/Metal
0x00007ff81acf6000 	/usr/lib/liblangid.dylib
0x00007ff81a675000 	/System/Library/PrivateFrameworks/CoreSVG.framework/Versions/A/CoreSVG
0x00007ff8160c4000 	/System/Library/PrivateFrameworks/SkyLight.framework/Versions/A/SkyLight
0x00007ff816462000 	/System/Library/Frameworks/CoreGraphics.framework/Versions/A/CoreGraphics
0x00007ff822a8c000 	/System/Library/Frameworks/Accelerate.framework/Versions/A/Accelerate
0x00007ff81d0d5000 	/System/Library/PrivateFrameworks/IconServices.framework/Versions/A/IconServices
0x00007ff819faf000 	/System/Library/Frameworks/IOSurface.framework/Versions/A/IOSurface
0x00007ff817b3a000 	/usr/lib/libDiagnosticMessagesClient.dylib
0x00007ff82616f000 	/System/Library/Frameworks/ApplicationServices.framework/Versions/A/ApplicationServices
0x00007ff81a65c000 	/System/Library/PrivateFrameworks/DFRFoundation.framework/Versions/A/DFRFoundation
0x00007ff8134a9000 	/usr/lib/libicucore.A.dylib
0x00007ff81f067000 	/System/Library/Frameworks/AudioToolbox.framework/Versions/A/AudioToolbox
0x00007ff81e27e000 	/System/Library/PrivateFrameworks/DataDetectorsCore.framework/Versions/A/DataDetectorsCore
0x00007ff91a250000 	/System/Library/PrivateFrameworks/TextInput.framework/Versions/A/TextInput
0x00007ff816047000 	/usr/lib/libMobileGestalt.dylib
0x00007ff81a368000 	/System/Library/Frameworks/Carbon.framework/Versions/A/Frameworks/HIToolbox.framework/Versions/A/HIToolbox
0x00007ff81879f000 	/System/Library/Frameworks/QuartzCore.framework/Versions/A/QuartzCore
0x00007ff813150000 	/System/Library/Frameworks/Security.framework/Versions/A/Security
0x00007ff822404000 	/System/Library/Frameworks/Carbon.framework/Versions/A/Frameworks/SpeechRecognition.framework/Versions/A/SpeechRecognition
0x00007ff818af9000 	/System/Library/PrivateFrameworks/CoreUI.framework/Versions/A/CoreUI
0x00007ff812a1c000 	/System/Library/Frameworks/CoreAudio.framework/Versions/A/CoreAudio
0x00007ff817c29000 	/System/Library/Frameworks/DiskArbitration.framework/Versions/A/DiskArbitration
0x00007ff81da42000 	/System/Library/PrivateFrameworks/MultitouchSupport.framework/Versions/A/MultitouchSupport
0x00007ff816046000 	/usr/lib/libenergytrace.dylib
0x00007ff813aad000 	/System/Library/Frameworks/IOKit.framework/Versions/A/IOKit
0x00007ff8227f4000 	/System/Library/Frameworks/CoreServices.framework/Versions/A/CoreServices
0x00007ff818d33000 	/System/Library/PrivateFrameworks/PerformanceAnalysis.framework/Versions/A/PerformanceAnalysis
0x00007ffa2965c000 	/System/Library/Frameworks/OpenGL.framework/Versions/A/OpenGL
0x00007ff81b8e1000 	/System/Library/PrivateFrameworks/MobileKeyBag.framework/Versions/A/MobileKeyBag
0x00007ff816b8c000 	/System/Library/Frameworks/ColorSync.framework/Versions/A/ColorSync
0x00007ff811224000 	/System/Library/Frameworks/CoreFoundation.framework/Versions/A/CoreFoundation
0x00007ff81a8ec000 	/System/Library/Frameworks/CoreImage.framework/Versions/A/CoreImage
0x00007ff812834000 	/System/Library/Frameworks/CoreText.framework/Versions/A/CoreText
0x00007ff81a6a5000 	/System/Library/Frameworks/ImageIO.framework/Versions/A/ImageIO
0x00007ff81c3b3000 	/System/Library/PrivateFrameworks/SoftLinking.framework/Versions/A/SoftLinking
0x00007ff818de4000 	/usr/lib/libxml2.2.dylib
0x00007ff81c634000 	/usr/lib/libcompression.dylib
0x00007ff81e1a5000 	/System/Library/PrivateFrameworks/TextureIO.framework/Versions/A/TextureIO
0x00007ff81cd4e000 	/usr/lib/libate.dylib
0x00007ff81cb0c000 	/usr/lib/liblzma.5.dylib
0x00007ff811ce0000 	/System/Library/Frameworks/SystemConfiguration.framework/Versions/A/SystemConfiguration
0x00007ff81c3af000 	/usr/lib/libfakelink.dylib
0x00007ff815ba0000 	/System/Library/Frameworks/CFNetwork.framework/Versions/A/CFNetwork
0x00007ff81c4f0000 	/usr/lib/libarchive.2.dylib
0x00007ff81acf2000 	/System/Library/PrivateFrameworks/AppleSystemInfo.framework/Versions/A/AppleSystemInfo
0x00007ff81b9e2000 	/usr/lib/libbsm.0.dylib
0x00007ff8151b3000 	/usr/lib/libnetwork.dylib
0x00007ff81c348000 	/usr/lib/system/libkxld.dylib
0x00007ff81b60e000 	/System/Library/PrivateFrameworks/IOMobileFramebuffer.framework/Versions/A/IOMobileFramebuffer
0x00007ffb28d45000 	/usr/lib/libCoreEntitlements.dylib
0x00007ff81c057000 	/System/Library/PrivateFrameworks/AppleFSCompression.framework/Versions/A/AppleFSCompression
0x00007ff81b9ca000 	/usr/lib/libcoretls.dylib
0x00007ff81cb26000 	/usr/lib/libcoretls_cfhelpers.dylib
0x00007ff81c62f000 	/usr/lib/libpam.2.dylib
0x00007ff81756f000 	/usr/lib/libsqlite3.dylib
0x00007ff81cb95000 	/usr/lib/libxar.1.dylib
0x00007ff81c067000 	/usr/lib/libbz2.1.0.dylib
0x00007ff81c3b4000 	/usr/lib/libpcap.A.dylib
0x00007ff817944000 	/usr/lib/libdns_services.dylib
0x00007ff81c602000 	/usr/lib/libapple_nghttp2.dylib
0x00007ff81c3ee000 	/usr/lib/libiconv.2.dylib
0x00007ff81c341000 	/usr/lib/libcharset.1.dylib
0x00007ff818d67000 	/System/Library/Frameworks/CoreServices.framework/Versions/A/Frameworks/FSEvents.framework/Versions/A/FSEvents
0x00007ff813747000 	/System/Library/Frameworks/CoreServices.framework/Versions/A/Frameworks/CarbonCore.framework/Versions/A/CarbonCore
0x00007ff817b8d000 	/System/Library/Frameworks/CoreServices.framework/Versions/A/Frameworks/Metadata.framework/Versions/A/Metadata
0x00007ff81c07a000 	/System/Library/Frameworks/CoreServices.framework/Versions/A/Frameworks/OSServices.framework/Versions/A/OSServices
0x00007ff81c577000 	/System/Library/Frameworks/CoreServices.framework/Versions/A/Frameworks/SearchKit.framework/Versions/A/SearchKit
0x00007ff8178d7000 	/System/Library/Frameworks/CoreServices.framework/Versions/A/Frameworks/AE.framework/Versions/A/AE
0x00007ff811725000 	/System/Library/Frameworks/CoreServices.framework/Versions/A/Frameworks/LaunchServices.framework/Versions/A/LaunchServices
0x00007ff81cabd000 	/System/Library/Frameworks/CoreServices.framework/Versions/A/Frameworks/DictionaryServices.framework/Versions/A/DictionaryServices
0x00007ff818d74000 	/System/Library/Frameworks/CoreServices.framework/Versions/A/Frameworks/SharedFileList.framework/Versions/A/SharedFileList
0x00007ff81b9be000 	/usr/lib/libCheckFix.dylib
0x00007ff8160ab000 	/System/Library/PrivateFrameworks/TCC.framework/Versions/A/TCC
0x00007ff81acf8000 	/System/Library/PrivateFrameworks/CoreNLP.framework/Versions/A/CoreNLP
0x00007ff817b3d000 	/System/Library/PrivateFrameworks/MetadataUtilities.framework/Versions/A/MetadataUtilities
0x00007ff811d90000 	/usr/lib/libmecabra.dylib
0x00007ff81b9f2000 	/usr/lib/libmecab.dylib
0x00007ff811d5b000 	/usr/lib/libCRFSuite.dylib
0x00007ff81ba4c000 	/usr/lib/libgermantok.dylib
0x00007ff81c5dd000 	/usr/lib/libThaiTokenizer.dylib
0x00007ff817c30000 	/System/Library/Frameworks/Accelerate.framework/Versions/A/Frameworks/vImage.framework/Versions/A/vImage
0x00007ff8227cb000 	/System/Library/Frameworks/Accelerate.framework/Versions/A/Frameworks/vecLib.framework/Versions/A/vecLib
0x00007ff81cbd6000 	/System/Library/Frameworks/Accelerate.framework/Versions/A/Frameworks/vecLib.framework/Versions/A/libvMisc.dylib
0x00007ff81b40d000 	/System/Library/Frameworks/Accelerate.framework/Versions/A/Frameworks/vecLib.framework/Versions/A/libvDSP.dylib
0x00007ff811a9f000 	/System/Library/Frameworks/Accelerate.framework/Versions/A/Frameworks/vecLib.framework/Versions/A/libBLAS.dylib
0x00007ff81c712000 	/System/Library/Frameworks/Accelerate.framework/Versions/A/Frameworks/vecLib.framework/Versions/A/libLAPACK.dylib
0x00007ff81ba4f000 	/System/Library/Frameworks/Accelerate.framework/Versions/A/Frameworks/vecLib.framework/Versions/A/libLinearAlgebra.dylib
0x00007ff81c61a000 	/System/Library/Frameworks/Accelerate.framework/Versions/A/Frameworks/vecLib.framework/Versions/A/libSparseBLAS.dylib
0x00007ff81c70c000 	/System/Library/Frameworks/Accelerate.framework/Versions/A/Frameworks/vecLib.framework/Versions/A/libQuadrature.dylib
0x00007ff81ade3000 	/System/Library/Frameworks/Accelerate.framework/Versions/A/Frameworks/vecLib.framework/Versions/A/libBNNS.dylib
0x00007ff811c71000 	/System/Library/Frameworks/Accelerate.framework/Versions/A/Frameworks/vecLib.framework/Versions/A/libSparse.dylib
0x00007ff81addc000 	/System/Library/PrivateFrameworks/LinguisticData.framework/Versions/A/LinguisticData
0x00007ff811c27000 	/System/Library/PrivateFrameworks/Lexicon.framework/Versions/A/Lexicon
0x00007ff81cbcf000 	/usr/lib/libChineseTokenizer.dylib
0x00007ff812389000 	/System/Library/PrivateFrameworks/LanguageModeling.framework/Versions/A/LanguageModeling
0x00007ff81c5df000 	/System/Library/PrivateFrameworks/AppleSauce.framework/Versions/A/AppleSauce
0x00007ff81b5fc000 	/System/Library/PrivateFrameworks/CoreEmoji.framework/Versions/A/CoreEmoji
0x00007ff81c4df000 	/usr/lib/libcmph.dylib
0x00007ff818d4b000 	/System/Library/Frameworks/OpenDirectory.framework/Versions/A/Frameworks/CFOpenDirectory.framework/Versions/A/CFOpenDirectory
0x00007ff818d3f000 	/System/Library/Frameworks/OpenDirectory.framework/Versions/A/OpenDirectory
0x00007ff81cb28000 	/System/Library/PrivateFrameworks/APFS.framework/Versions/A/APFS
0x00007ff81b919000 	/System/Library/Frameworks/SecurityFoundation.framework/Versions/A/SecurityFoundation
0x00007ff81cba3000 	/usr/lib/libutil.dylib
0x00007ff813a71000 	/System/Library/PrivateFrameworks/CoreServicesStore.framework/Versions/A/CoreServicesStore
0x00007ff81cba7000 	/usr/lib/libxslt.1.dylib
0x00007ff81b9a6000 	/System/Library/PrivateFrameworks/BackgroundTaskManagement.framework/Versions/A/BackgroundTaskManagement
0x00007ff81e0c6000 	/System/Library/Frameworks/ImageIO.framework/Versions/A/Resources/libRadiance.dylib
0x00007ff81e0cf000 	/System/Library/Frameworks/ImageIO.framework/Versions/A/Resources/libJPEG.dylib
0x00007ff81e021000 	/System/Library/Frameworks/ImageIO.framework/Versions/A/Resources/libPng.dylib
0x00007ff81e042000 	/System/Library/Frameworks/ImageIO.framework/Versions/A/Resources/libTIFF.dylib
0x00007ff81e12e000 	/System/Library/Frameworks/ImageIO.framework/Versions/A/Resources/libGIF.dylib
0x00007ff81d95e000 	/System/Library/Frameworks/ImageIO.framework/Versions/A/Resources/libJP2.dylib
0x00007ff81d09c000 	/usr/lib/libexpat.1.dylib
0x00007ff81d913000 	/System/Library/PrivateFrameworks/AppleJPEG.framework/Versions/A/AppleJPEG
0x00007ff81a22c000 	/System/Library/PrivateFrameworks/FontServices.framework/libFontParser.dylib
0x00007ff817881000 	/System/Library/PrivateFrameworks/RunningBoardServices.framework/Versions/A/RunningBoardServices
0x00007ff828a7e000 	/System/Library/PrivateFrameworks/IOSurfaceAccelerator.framework/Versions/A/IOSurfaceAccelerator
0x00007ff81da3e000 	/System/Library/PrivateFrameworks/WatchdogClient.framework/Versions/A/WatchdogClient
0x00007ff812477000 	/System/Library/Frameworks/CoreDisplay.framework/Versions/A/CoreDisplay
0x00007ff81a12a000 	/System/Library/Frameworks/CoreMedia.framework/Versions/A/CoreMedia
0x00007ff819fc1000 	/System/Library/PrivateFrameworks/IOAccelerator.framework/Versions/A/IOAccelerator
0x00007ff818ec8000 	/System/Library/Frameworks/CoreVideo.framework/Versions/A/CoreVideo
0x00007ff81c62d000 	/System/Library/Frameworks/MetalPerformanceShaders.framework/Versions/A/MetalPerformanceShaders
0x00007ff81da7b000 	/System/Library/Frameworks/VideoToolbox.framework/Versions/A/VideoToolbox
0x00007ff8177cb000 	/System/Library/PrivateFrameworks/BaseBoard.framework/Versions/A/BaseBoard
0x00007ff817555000 	/System/Library/PrivateFrameworks/ProtocolBuffer.framework/Versions/A/ProtocolBuffer
0x00007ff81e0bf000 	/System/Library/PrivateFrameworks/GPUWrangler.framework/Versions/A/GPUWrangler
0x00007ff81e0a3000 	/System/Library/PrivateFrameworks/IOPresentment.framework/Versions/A/IOPresentment
0x00007ff81e0c9000 	/System/Library/PrivateFrameworks/DSExternalDisplay.framework/Versions/A/DSExternalDisplay
0x00007ffa29650000 	/System/Library/Frameworks/OpenGL.framework/Versions/A/Libraries/libCoreFSCache.dylib
0x00007ffb164ee000 	/System/Library/PrivateFrameworks/GPUCompiler.framework/Versions/31001/Libraries/libGPUCompilerUtils.dylib
0x00007ff81e133000 	/System/Library/PrivateFrameworks/CMCaptureCore.framework/Versions/A/CMCaptureCore
0x00007ff81d644000 	/System/Library/PrivateFrameworks/AppServerSupport.framework/Versions/A/AppServerSupport
0x00007ff81f8ff000 	/System/Library/PrivateFrameworks/perfdata.framework/Versions/A/perfdata
0x00007ff8125a3000 	/System/Library/PrivateFrameworks/AudioToolboxCore.framework/Versions/A/AudioToolboxCore
0x00007ff81a108000 	/System/Library/PrivateFrameworks/caulk.framework/Versions/A/caulk
0x00007ff81f211000 	/usr/lib/libAudioStatistics.dylib
0x00007ff9169fe000 	/System/Library/PrivateFrameworks/SystemPolicy.framework/Versions/A/SystemPolicy
0x00007ff81f46c000 	/usr/lib/libSMC.dylib
0x00007ff828379000 	/System/Library/Frameworks/CoreMIDI.framework/Versions/A/CoreMIDI
0x00007ff81dff0000 	/usr/lib/libAudioToolboxUtility.dylib
0x00007ff912ca1000 	/System/Library/PrivateFrameworks/OSAServicesClient.framework/Versions/A/OSAServicesClient
0x00007ff81f90c000 	/usr/lib/libperfcheck.dylib
0x00007ff9174a8000 	/usr/lib/libmis.dylib
0x00007ffa296ab000 	/System/Library/Frameworks/OpenGL.framework/Versions/A/Libraries/libGLU.dylib
0x00007ffa2966f000 	/System/Library/Frameworks/OpenGL.framework/Versions/A/Libraries/libGFXShared.dylib
0x00007ffa29878000 	/System/Library/Frameworks/OpenGL.framework/Versions/A/Libraries/libGL.dylib
0x00007ffa29678000 	/System/Library/Frameworks/OpenGL.framework/Versions/A/Libraries/libGLImage.dylib
0x00007ffa2966c000 	/System/Library/Frameworks/OpenGL.framework/Versions/A/Libraries/libCVMSPluginSupport.dylib
0x00007ffa29657000 	/System/Library/Frameworks/OpenGL.framework/Versions/A/Libraries/libCoreVMClient.dylib
0x00007ff81ac74000 	/System/Library/Frameworks/MetalPerformanceShaders.framework/Versions/A/Frameworks/MPSCore.framework/Versions/A/MPSCore
0x00007ff81bfc2000 	/System/Library/Frameworks/MetalPerformanceShaders.framework/Versions/A/Frameworks/MPSImage.framework/Versions/A/MPSImage
0x00007ff81ba65000 	/System/Library/Frameworks/MetalPerformanceShaders.framework/Versions/A/Frameworks/MPSNeuralNetwork.framework/Versions/A/MPSNeuralNetwork
0x00007ff81bed9000 	/System/Library/Frameworks/MetalPerformanceShaders.framework/Versions/A/Frameworks/MPSMatrix.framework/Versions/A/MPSMatrix
0x00007ff81bc94000 	/System/Library/Frameworks/MetalPerformanceShaders.framework/Versions/A/Frameworks/MPSRayIntersector.framework/Versions/A/MPSRayIntersector
0x00007ff81bf11000 	/System/Library/Frameworks/MetalPerformanceShaders.framework/Versions/A/Frameworks/MPSNDArray.framework/Versions/A/MPSNDArray
0x00007ffa2e5d8000 	/System/Library/Frameworks/MetalPerformanceShaders.framework/Versions/A/Frameworks/MPSFunctions.framework/Versions/A/MPSFunctions
0x00007ff81197c000 	/System/Library/PrivateFrameworks/MetalTools.framework/Versions/A/MetalTools
0x00007ff81acf0000 	/System/Library/PrivateFrameworks/AggregateDictionary.framework/Versions/A/AggregateDictionary
0x00007ff81ce7e000 	/usr/lib/libIOReport.dylib
0x00007ffa2ac87000 	/System/Library/Frameworks/OpenCL.framework/Versions/A/OpenCL
0x00007ff81d1e2000 	/System/Library/PrivateFrameworks/FaceCore.framework/Versions/A/FaceCore
0x00007ff81d1d3000 	/System/Library/PrivateFrameworks/GraphVisualizer.framework/Versions/A/GraphVisualizer
0x00007ffb163f9000 	/System/Library/PrivateFrameworks/FontServices.framework/Versions/A/FontServices
0x00007ff81d5fc000 	/System/Library/PrivateFrameworks/OTSVG.framework/Versions/A/OTSVG
0x00007ff818aaf000 	/System/Library/Frameworks/ApplicationServices.framework/Versions/A/Frameworks/ATS.framework/Versions/A/Resources/libFontRegistry.dylib
0x00007ff81d64c000 	/System/Library/PrivateFrameworks/FontServices.framework/libhvf.dylib
0x00007ffb163fa000 	/System/Library/PrivateFrameworks/FontServices.framework/libXTFontStaticRegistryData.dylib
0x00007ff81d04c000 	/System/Library/PrivateFrameworks/AppleVA.framework/Versions/A/AppleVA
0x00007ff81f231000 	/System/Library/Frameworks/ApplicationServices.framework/Versions/A/Frameworks/ATS.framework/Versions/A/ATS
0x00007ff816c88000 	/System/Library/Frameworks/ApplicationServices.framework/Versions/A/Frameworks/HIServices.framework/Versions/A/HIServices
0x00007ff81e13d000 	/System/Library/Frameworks/ApplicationServices.framework/Versions/A/Frameworks/PrintCore.framework/Versions/A/PrintCore
0x00007ff81f5bf000 	/System/Library/Frameworks/ApplicationServices.framework/Versions/A/Frameworks/QD.framework/Versions/A/QD
0x00007ff81f5b7000 	/System/Library/Frameworks/ApplicationServices.framework/Versions/A/Frameworks/ColorSyncLegacy.framework/Versions/A/ColorSyncLegacy
0x00007ff81f221000 	/System/Library/Frameworks/ApplicationServices.framework/Versions/A/Frameworks/SpeechSynthesis.framework/Versions/A/SpeechSynthesis
0x00007ff81e0fe000 	/System/Library/Frameworks/ApplicationServices.framework/Versions/A/Frameworks/ATSUI.framework/Versions/A/ATSUI
0x00007ff81f54c000 	/usr/lib/libcups.2.dylib
0x00007ff81f91b000 	/System/Library/Frameworks/Kerberos.framework/Versions/A/Kerberos
0x00007ff81f92a000 	/System/Library/Frameworks/GSS.framework/Versions/A/GSS
0x00007ff81f29d000 	/usr/lib/libresolv.9.dylib
0x00007ff81d65b000 	/System/Library/PrivateFrameworks/Heimdal.framework/Versions/A/Heimdal
0x00007ff8264f7000 	/System/Library/Frameworks/Kerberos.framework/Versions/A/Libraries/libHeimdalProxy.dylib
0x00007ff817954000 	/System/Library/Frameworks/Network.framework/Versions/A/Network
0x00007ff81d0b6000 	/usr/lib/libheimdal-asn1.dylib
0x00007ff81f975000 	/System/Library/PrivateFrameworks/CommonAuth.framework/Versions/A/CommonAuth
0x00007ff81f1a3000 	/System/Library/PrivateFrameworks/AudioSession.framework/Versions/A/AudioSession
0x00007ff81d146000 	/System/Library/PrivateFrameworks/MediaExperience.framework/Versions/A/MediaExperience
0x00007ff81f036000 	/System/Library/PrivateFrameworks/AudioSession.framework/libSessionUtility.dylib
0x00007ff81f5cb000 	/System/Library/PrivateFrameworks/AudioResourceArbitration.framework/Versions/A/AudioResourceArbitration
0x00007ff82363e000 	/System/Library/PrivateFrameworks/PowerLog.framework/Versions/A/PowerLog
0x00007ff81d0bf000 	/System/Library/PrivateFrameworks/IconFoundation.framework/Versions/A/IconFoundation
0x00007ff8223f4000 	/System/Library/PrivateFrameworks/SpeechRecognitionCore.framework/Versions/A/SpeechRecognitionCore
0x00007ffa1b8d4000 	/System/Library/CoreServices/Encodings/libKoreanConverter.dylib
0x000000010bbd6000 	/Library/Java/JavaVirtualMachines/adoptopenjdk-14.jdk/Contents/Home/lib/server/libjvm.dylib
0x000000010ae30000 	/Library/Java/JavaVirtualMachines/adoptopenjdk-14.jdk/Contents/Home/lib/libjimage.dylib
0x000000010ae48000 	/Library/Java/JavaVirtualMachines/adoptopenjdk-14.jdk/Contents/Home/lib/libinstrument.dylib
0x000000010ae94000 	/Library/Java/JavaVirtualMachines/adoptopenjdk-14.jdk/Contents/Home/lib/libjava.dylib
0x000000010af84000 	/private/var/folders/59/n1ppxd4n56xcwx_36rn5b18w0000gn/T/libasyncProfiler.so
0x000000010af31000 	/Library/Java/JavaVirtualMachines/adoptopenjdk-14.jdk/Contents/Home/lib/libzip.dylib
0x000000013d181000 	/Library/Java/JavaVirtualMachines/adoptopenjdk-14.jdk/Contents/Home/lib/libnio.dylib
0x000000013d1c6000 	/Library/Java/JavaVirtualMachines/adoptopenjdk-14.jdk/Contents/Home/lib/libnet.dylib
0x000000013d227000 	/Library/Java/JavaVirtualMachines/adoptopenjdk-14.jdk/Contents/Home/lib/libextnet.dylib
0x000000010cf77000 	/Library/Java/JavaVirtualMachines/adoptopenjdk-14.jdk/Contents/Home/lib/libverify.dylib


VM Arguments:
jvm_args: -javaagent:/Applications/IntelliJ IDEA.app/Contents/lib/idea_rt.jar=58962:/Applications/IntelliJ IDEA.app/Contents/bin -agentpath:/private/var/folders/59/n1ppxd4n56xcwx_36rn5b18w0000gn/T/libasyncProfiler.so=start,jfr,event=cpu,interval=1ms,event=alloc,file=/Users/yong/JpaMain__2__2022_04_06_175414.jfr -Dfile.encoding=UTF-8 
java_command: jpabook.jpashop.jpql.JpaMain
java_class_path (initial): /Users/yong/Desktop/study/ex1-hello-jpa/target/classes:/Users/yong/.m2/repository/org/hibernate/hibernate-entitymanager/5.4.31.Final/hibernate-entitymanager-5.4.31.Final.jar:/Users/yong/.m2/repository/org/jboss/logging/jboss-logging/3.4.3.Final/jboss-logging-3.4.3.Final.jar:/Users/yong/.m2/repository/org/hibernate/hibernate-core/5.6.5.Final/hibernate-core-5.6.5.Final.jar:/Users/yong/.m2/repository/antlr/antlr/2.7.7/antlr-2.7.7.jar:/Users/yong/.m2/repository/org/jboss/jandex/2.4.2.Final/jandex-2.4.2.Final.jar:/Users/yong/.m2/repository/com/fasterxml/classmate/1.5.1/classmate-1.5.1.jar:/Users/yong/.m2/repository/javax/activation/javax.activation-api/1.2.0/javax.activation-api-1.2.0.jar:/Users/yong/.m2/repository/javax/xml/bind/jaxb-api/2.3.1/jaxb-api-2.3.1.jar:/Users/yong/.m2/repository/org/glassfish/jaxb/jaxb-runtime/2.3.6/jaxb-runtime-2.3.6.jar:/Users/yong/.m2/repository/org/glassfish/jaxb/txw2/2.3.6/txw2-2.3.6.jar:/Users/yong/.m2/repository/com/sun/istack/istack-commons-runtime/3.0.12/istack-commons-runtime-3.0.12.jar:/Users/yong/.m2/repository/com/sun/activation/jakarta.activation/1.2.2/jakarta.activation-1.2.2.jar:/Users/yong/.m2/repository/org/dom4j/dom4j/2.1.3/dom4j-2.1.3.jar:/Users/yong/.m2/repository/org/hibernate/common/hibernate-commons-annotations/5.1.2.Final/hibernate-commons-annotations-5.1.2.Final.jar:/Users/yong/.m2/repository/javax/persistence/javax.persistence-api/2.2/javax.persistence-api-2.2.jar:/Users/yong/.m2/repository/net/bytebuddy/byte-buddy/1.11.22/byte-buddy-1.11.22.jar:/Users/yong/.m2/repository/org/jboss/spec/javax/transaction/jboss-transaction-api_1.2_spec/1.1.1.Final/jboss-transaction-api_1.2_spec-1.1.1.Final.jar:/Users/yong/.m2/repository/com/h2database/h2/1.4.200/h2-1.4.200.jar:/Users/yong/.m2/repository/org/springframework/boot/spring-boot-starter/2.6.4/spring-boot-starter-2.6.4.jar:/Users/yong/.m2/repository/org/springframework/boot/spring-boot/2.6.4/spring-boot-2.6.4.jar:/Users/yong/.m2/repository/org/sp
Launcher Type: SUN_STANDARD

[Global flags]
     intx CICompilerCount                          = 4                                         {product} {ergonomic}
     uint ConcGCThreads                            = 2                                         {product} {ergonomic}
     uint G1ConcRefinementThreads                  = 9                                         {product} {ergonomic}
   size_t G1HeapRegionSize                         = 2097152                                   {product} {ergonomic}
    uintx GCDrainStackTargetSize                   = 64                                        {product} {ergonomic}
   size_t InitialHeapSize                          = 536870912                                 {product} {ergonomic}
   size_t MarkStackSize                            = 4194304                                   {product} {ergonomic}
   size_t MaxHeapSize                              = 8589934592                                {product} {ergonomic}
   size_t MaxNewSize                               = 5152702464                                {product} {ergonomic}
   size_t MinHeapDeltaBytes                        = 2097152                                   {product} {ergonomic}
   size_t MinHeapSize                              = 8388608                                   {product} {ergonomic}
    uintx NonNMethodCodeHeapSize                   = 5839372                                {pd product} {ergonomic}
    uintx NonProfiledCodeHeapSize                  = 122909434                              {pd product} {ergonomic}
    uintx ProfiledCodeHeapSize                     = 122909434                              {pd product} {ergonomic}
    uintx ReservedCodeCacheSize                    = 251658240                              {pd product} {ergonomic}
     bool SegmentedCodeCache                       = true                                      {product} {ergonomic}
   size_t SoftMaxHeapSize                          = 8589934592                             {manageable} {ergonomic}
     bool UseCompressedClassPointers               = true                                 {lp64_product} {ergonomic}
     bool UseCompressedOops                        = true                                 {lp64_product} {ergonomic}
     bool UseG1GC                                  = true                                      {product} {ergonomic}

Logging:
Log output configuration:
 #0: stdout all=warning uptime,level,tags
 #1: stderr all=off uptime,level,tags

Environment Variables:
JAVA_HOME=/Library/Java/JavaVirtualMachines/adoptopenjdk-11.jdk/Contents/Home
PATH=/Users/yong/.nvm/versions/node/v14.15.2/bin:/opt/homebrew/bin:/usr/local/bin:/usr/bin:/bin:/usr/sbin:/sbin: /Users/yong/.yarn/bin
SHELL=/bin/zsh

Signal Handlers:
SIGSEGV: [libjvm.dylib+0x7a76b0], sa_mask[0]=11111111111111111111111111111111, sa_flags=SA_ONSTACK|SA_RESTART|SA_SIGINFO
SIGBUS: [libjvm.dylib+0x7a76b0], sa_mask[0]=11111111111111111111111111111111, sa_flags=SA_RESTART|SA_SIGINFO
SIGFPE: [libjvm.dylib+0x7a76b0], sa_mask[0]=11111111111111111111111111111111, sa_flags=SA_RESTART|SA_SIGINFO
SIGPIPE: [libjvm.dylib+0x5f917f], sa_mask[0]=11111111111111111111111111111111, sa_flags=SA_RESTART|SA_SIGINFO
SIGXFSZ: [libjvm.dylib+0x5f917f], sa_mask[0]=11111111111111111111111111111111, sa_flags=SA_RESTART|SA_SIGINFO
SIGILL: [libjvm.dylib+0x7a76b0], sa_mask[0]=11111111111111111111111111111111, sa_flags=SA_RESTART|SA_SIGINFO
SIGUSR2: [libjvm.dylib+0x5f974f], sa_mask[0]=00100000000000000000000000000000, sa_flags=SA_RESTART|SA_SIGINFO
SIGHUP: [libjvm.dylib+0x5f87af], sa_mask[0]=11111111111111111111111111111111, sa_flags=SA_RESTART|SA_SIGINFO
SIGINT: [libjvm.dylib+0x5f87af], sa_mask[0]=11111111111111111111111111111111, sa_flags=SA_RESTART|SA_SIGINFO
SIGTERM: [libjvm.dylib+0x5f87af], sa_mask[0]=11111111111111111111111111111111, sa_flags=SA_RESTART|SA_SIGINFO
SIGQUIT: [libjvm.dylib+0x5f87af], sa_mask[0]=11111111111111111111111111111111, sa_flags=SA_RESTART|SA_SIGINFO


---------------  S Y S T E M  ---------------

OS:uname:Darwin 21.4.0 Darwin Kernel Version 21.4.0: Mon Feb 21 20:35:58 PST 2022; root:xnu-8020.101.4~2/RELEASE_ARM64_T6000 x86_64
OS uptime: 21 days 2:30 hours
rlimit: STACK 8176k, CORE 0k, NPROC 5333, NOFILE 10240, AS infinity, DATA infinity, FSIZE infinity
load average:3.07 3.56 3.90

CPU:total 10 (initial active 10) (1 cores per cpu, 1 threads per core) family 6 model 44 stepping 0, cmov, cx8, fxsr, mmx, sse, sse2, sse3, ssse3, sse4.1, sse4.2, popcnt, aes, clmul, tsc, tscinvbit, tscinv

Memory: 4k page, physical 33554432k(55700k free), swap 1048576k(1004032k free)

vm_info: OpenJDK 64-Bit Server VM (14.0.2+12) for bsd-amd64 JRE (14.0.2+12), built on Jul 15 2020 10:01:04 by "jenkins" with clang 4.2.1 Compatible Apple LLVM 10.0.1 (clang-1001.0.46.4)

END.
